Using pre-set license
Built from '2021.3/staging' branch; Version is '2021.3.18f1 (3129e69bc0c7) revision 3221990'; Using compiler version '192829333'; Build Type 'Release'
OS: 'Windows 10  (10.0.19044) 64bit Core' Language: 'en' Physical Memory: 32718 MB
BatchMode: 1, IsHumanControllingUs: 0, StartBugReporterOnCrash: 0, Is64bit: 1, IsPro: 1

COMMAND LINE ARGUMENTS:
C:\Program Files\Unity\Hub\Editor\2021.3.18f1\Editor\Unity.exe
-adb2
-batchMode
-noUpm
-name
AssetImportWorker4
-projectPath
C:/Users/jake_/Game Dev/ProjectAlpha
-logFile
Logs/AssetImportWorker4.log
-srvPort
64995
Successfully changed project path to: C:/Users/jake_/Game Dev/ProjectAlpha
C:/Users/jake_/Game Dev/ProjectAlpha
[UnityMemory] Configuration Parameters - Can be set up in boot.config
    "memorysetup-bucket-allocator-granularity=16"
    "memorysetup-bucket-allocator-bucket-count=8"
    "memorysetup-bucket-allocator-block-size=33554432"
    "memorysetup-bucket-allocator-block-count=8"
    "memorysetup-main-allocator-block-size=16777216"
    "memorysetup-thread-allocator-block-size=16777216"
    "memorysetup-gfx-main-allocator-block-size=16777216"
    "memorysetup-gfx-thread-allocator-block-size=16777216"
    "memorysetup-cache-allocator-block-size=4194304"
    "memorysetup-typetree-allocator-block-size=2097152"
    "memorysetup-profiler-bucket-allocator-granularity=16"
    "memorysetup-profiler-bucket-allocator-bucket-count=8"
    "memorysetup-profiler-bucket-allocator-block-size=33554432"
    "memorysetup-profiler-bucket-allocator-block-count=8"
    "memorysetup-profiler-allocator-block-size=16777216"
    "memorysetup-profiler-editor-allocator-block-size=1048576"
    "memorysetup-temp-allocator-size-main=16777216"
    "memorysetup-job-temp-allocator-block-size=2097152"
    "memorysetup-job-temp-allocator-block-size-background=1048576"
    "memorysetup-job-temp-allocator-reduction-small-platforms=262144"
    "memorysetup-temp-allocator-size-background-worker=32768"
    "memorysetup-temp-allocator-size-job-worker=262144"
    "memorysetup-temp-allocator-size-preload-manager=33554432"
    "memorysetup-temp-allocator-size-nav-mesh-worker=65536"
    "memorysetup-temp-allocator-size-audio-worker=65536"
    "memorysetup-temp-allocator-size-cloud-worker=32768"
    "memorysetup-temp-allocator-size-gi-baking-worker=262144"
    "memorysetup-temp-allocator-size-gfx=262144"
Player connection [7060] Host "[IP] 192.168.0.150 [Port] 0 [Flags] 2 [Guid] 1433035359 [EditorId] 1433035359 [Version] 1048832 [Id] WindowsEditor(7,DESKTOP-PSBGKUK) [Debug] 1 [PackageName] WindowsEditor [ProjectName] Editor" joined multi-casting on [225.0.0.222:54997]...

Player connection [7060] Host "[IP] 192.168.0.150 [Port] 0 [Flags] 2 [Guid] 1433035359 [EditorId] 1433035359 [Version] 1048832 [Id] WindowsEditor(7,DESKTOP-PSBGKUK) [Debug] 1 [PackageName] WindowsEditor [ProjectName] Editor" joined alternative multi-casting on [225.0.0.222:34997]...

Refreshing native plugins compatible for Editor in 137.02 ms, found 3 plugins.
Preloading 0 native plugins for Editor in 0.00 ms.
Initialize engine version: 2021.3.18f1 (3129e69bc0c7)
[Subsystems] Discovering subsystems at path C:/Program Files/Unity/Hub/Editor/2021.3.18f1/Editor/Data/Resources/UnitySubsystems
[Subsystems] Discovering subsystems at path C:/Users/jake_/Game Dev/ProjectAlpha/Assets
GfxDevice: creating device client; threaded=0; jobified=0
Direct3D:
    Version:  Direct3D 11.0 [level 11.1]
    Renderer: NVIDIA GeForce RTX 3070 (ID=0x2488)
    Vendor:   NVIDIA
    VRAM:     8043 MB
    Driver:   31.0.15.2225
Initialize mono
Mono path[0] = 'C:/Program Files/Unity/Hub/Editor/2021.3.18f1/Editor/Data/Managed'
Mono path[1] = 'C:/Program Files/Unity/Hub/Editor/2021.3.18f1/Editor/Data/MonoBleedingEdge/lib/mono/unityjit-win32'
Mono config path = 'C:/Program Files/Unity/Hub/Editor/2021.3.18f1/Editor/Data/MonoBleedingEdge/etc'
Using monoOptions --debugger-agent=transport=dt_socket,embedding=1,server=y,suspend=n,address=127.0.0.1:56520
Begin MonoManager ReloadAssembly
Registering precompiled unity dll's ...
Register platform support module: C:/Program Files/Unity/Hub/Editor/2021.3.18f1/Editor/Data/PlaybackEngines/WindowsStandaloneSupport/UnityEditor.WindowsStandalone.Extensions.dll
Registered in 0.006984 seconds.
Native extension for WindowsStandalone target not found
Refreshing native plugins compatible for Editor in 114.00 ms, found 3 plugins.
Preloading 0 native plugins for Editor in 0.00 ms.
Mono: successfully reloaded assembly
- Completed reload, in  0.594 seconds
Domain Reload Profiling:
	ReloadAssembly (595ms)
		BeginReloadAssembly (64ms)
			ExecutionOrderSort (0ms)
			DisableScriptedObjects (0ms)
			BackupInstance (0ms)
			ReleaseScriptingObjects (0ms)
			CreateAndSetChildDomain (1ms)
		EndReloadAssembly (431ms)
			LoadAssemblies (61ms)
			RebuildTransferFunctionScriptingTraits (0ms)
			SetupTypeCache (87ms)
			ReleaseScriptCaches (0ms)
			RebuildScriptCaches (22ms)
			SetupLoadedEditorAssemblies (277ms)
				LogAssemblyErrors (0ms)
				InitializePlatformSupportModulesInManaged (7ms)
				SetLoadedEditorAssemblies (0ms)
				RefreshPlugins (114ms)
				BeforeProcessingInitializeOnLoad (1ms)
				ProcessInitializeOnLoadAttributes (116ms)
				ProcessInitializeOnLoadMethodAttributes (38ms)
				AfterProcessingInitializeOnLoad (0ms)
				EditorAssembliesLoaded (0ms)
			ExecutionOrderSort2 (0ms)
			AwakeInstancesAfterBackupRestoration (0ms)
Platform modules already initialized, skipping
Registering precompiled user dll's ...
Registered in 0.004898 seconds.
Begin MonoManager ReloadAssembly
Native extension for WindowsStandalone target not found
Refreshing native plugins compatible for Editor in 112.82 ms, found 3 plugins.
Preloading 0 native plugins for Editor in 0.00 ms.
Mono: successfully reloaded assembly
- Completed reload, in  1.094 seconds
Domain Reload Profiling:
	ReloadAssembly (1094ms)
		BeginReloadAssembly (96ms)
			ExecutionOrderSort (0ms)
			DisableScriptedObjects (5ms)
			BackupInstance (0ms)
			ReleaseScriptingObjects (0ms)
			CreateAndSetChildDomain (16ms)
		EndReloadAssembly (891ms)
			LoadAssemblies (71ms)
			RebuildTransferFunctionScriptingTraits (0ms)
			SetupTypeCache (185ms)
			ReleaseScriptCaches (1ms)
			RebuildScriptCaches (53ms)
			SetupLoadedEditorAssemblies (540ms)
				LogAssemblyErrors (0ms)
				InitializePlatformSupportModulesInManaged (5ms)
				SetLoadedEditorAssemblies (0ms)
				RefreshPlugins (113ms)
				BeforeProcessingInitializeOnLoad (77ms)
				ProcessInitializeOnLoadAttributes (239ms)
				ProcessInitializeOnLoadMethodAttributes (95ms)
				AfterProcessingInitializeOnLoad (12ms)
				EditorAssembliesLoaded (0ms)
			ExecutionOrderSort2 (0ms)
			AwakeInstancesAfterBackupRestoration (6ms)
Platform modules already initialized, skipping
========================================================================
Worker process is ready to serve import requests
Launched and connected shader compiler UnityShaderCompiler.exe after 0.03 seconds
Refreshing native plugins compatible for Editor in 1.48 ms, found 3 plugins.
Preloading 0 native plugins for Editor in 0.00 ms.
Unloading 3188 Unused Serialized files (Serialized files now loaded: 0)
Unloading 46 unused Assets / (1.3 MB). Loaded Objects now: 3643.
Memory consumption went from 151.9 MB to 150.7 MB.
Total: 3.332700 ms (FindLiveObjects: 0.260300 ms CreateObjectMapping: 0.096600 ms MarkObjects: 2.669500 ms  DeleteObjects: 0.305600 ms)

AssetImportParameters requested are different than current active one (requested -> active):
  custom:video-decoder-ogg-theora: a1e56fd34408186e4bbccfd4996cb3dc -> 
  custom:container-muxer-webm: aa71ff27fc2769a1b78a27578f13a17b -> 
  custom:container-demuxer-webm: 4f35f7cbe854078d1ac9338744f61a02 -> 
  custom:video-encoder-webm-vp8: eb34c28f22e8b96e1ab97ce403110664 -> 
  custom:audio-encoder-webm-vorbis: bf7c407c2cedff20999df2af8eb42d56 -> 
  custom:framework-win-MediaFoundation: 216162199b28c13a410421893ffa2e32 -> 
  custom:container-demuxer-ogg: 62fdf1f143b41e24485cea50d1cbac27 -> 
  custom:video-decoder-webm-vp8: 9c59270c3fd7afecdb556c50c9e8de78 -> 
  custom:audio-decoder-ogg-vorbis: bf7c407c2cedff20999df2af8eb42d56 -> 
========================================================================
Received Import Request.
  Time since last request: 306179.624673 seconds.
  path: Assets/Sprites/UI/Book/High Res
  artifactKey: Guid(0773a5ee2cc90a14a8bfab2dc381a9e1) Importer(815301076,1909f56bfc062723c751e8b465ee728b)
Start importing Assets/Sprites/UI/Book/High Res using Guid(0773a5ee2cc90a14a8bfab2dc381a9e1) Importer(815301076,1909f56bfc062723c751e8b465ee728b)  -> (artifact id: '2d6abbdeb9df399d2ad42558d86ce546') in 0.009866 seconds 
========================================================================
Received Import Request.
  Time since last request: 0.071318 seconds.
  path: Assets/Sprites/UI/Book/High Res/book.png
  artifactKey: Guid(b5fb20a4b8b5a2f428311e39c6eb7adf) Importer(815301076,1909f56bfc062723c751e8b465ee728b)
Start importing Assets/Sprites/UI/Book/High Res/book.png using Guid(b5fb20a4b8b5a2f428311e39c6eb7adf) Importer(815301076,1909f56bfc062723c751e8b465ee728b)  -> (artifact id: '81a4a58fdc1b214619bdc9dcad6ad8ed') in 0.253568 seconds 
========================================================================
Received Import Request.
  Time since last request: 166.477935 seconds.
  path: Assets/Sprites/UI/Wooden
  artifactKey: Guid(129ac16a34080ea439e100ef6afcef2c) Importer(815301076,1909f56bfc062723c751e8b465ee728b)
Start importing Assets/Sprites/UI/Wooden using Guid(129ac16a34080ea439e100ef6afcef2c) Importer(815301076,1909f56bfc062723c751e8b465ee728b)  -> (artifact id: '043640a1854375674318e8971cef9e3a') in 0.006406 seconds 
========================================================================
Received Import Request.
  Time since last request: 65.100693 seconds.
  path: Assets/Sprites/UI/Light Brown Book/Inventory Book/Book Idle/Book Idle.anim
  artifactKey: Guid(eb5645c7fcca29e409fc8d0abaf37dc0) Importer(815301076,1909f56bfc062723c751e8b465ee728b)
Start importing Assets/Sprites/UI/Light Brown Book/Inventory Book/Book Idle/Book Idle.anim using Guid(eb5645c7fcca29e409fc8d0abaf37dc0) Importer(815301076,1909f56bfc062723c751e8b465ee728b)  -> (artifact id: '18b9602e190c5ba28b9977665013ce6a') in 0.008558 seconds 
========================================================================
Received Import Request.
  Time since last request: 242.745441 seconds.
  path: Assets/Sprites/UI/Light Brown Book/Inventory Book/Book Open and Close/Style 1/Cover 1/Open/1.png
  artifactKey: Guid(10819212063f47e47a18db908444ca8a) Importer(815301076,1909f56bfc062723c751e8b465ee728b)
Start importing Assets/Sprites/UI/Light Brown Book/Inventory Book/Book Open and Close/Style 1/Cover 1/Open/1.png using Guid(10819212063f47e47a18db908444ca8a) Importer(815301076,1909f56bfc062723c751e8b465ee728b)  -> (artifact id: '25e2599692fb061db113aed525d15d31') in 0.050987 seconds 
========================================================================
Received Import Request.
  Time since last request: 0.000020 seconds.
  path: Assets/Sprites/UI/Light Brown Book/Inventory Book/Book Open and Close/Style 1/Cover 1/Open/3.png
  artifactKey: Guid(a68582b82c3745043bd1e19ce3643082) Importer(815301076,1909f56bfc062723c751e8b465ee728b)
Start importing Assets/Sprites/UI/Light Brown Book/Inventory Book/Book Open and Close/Style 1/Cover 1/Open/3.png using Guid(a68582b82c3745043bd1e19ce3643082) Importer(815301076,1909f56bfc062723c751e8b465ee728b)  -> (artifact id: '3d1d1c7857e2256d12ef0ca4608c103f') in 0.040593 seconds 
========================================================================
Received Import Request.
  Time since last request: 0.000018 seconds.
  path: Assets/Sprites/UI/Light Brown Book/Inventory Book/Book Open and Close/Style 1/Cover 1/Open/5.png
  artifactKey: Guid(aa3461daa1611ff4e8ba97b77c3dd238) Importer(815301076,1909f56bfc062723c751e8b465ee728b)
Start importing Assets/Sprites/UI/Light Brown Book/Inventory Book/Book Open and Close/Style 1/Cover 1/Open/5.png using Guid(aa3461daa1611ff4e8ba97b77c3dd238) Importer(815301076,1909f56bfc062723c751e8b465ee728b)  -> (artifact id: '404b67da8269bb28e819e91243327018') in 0.044332 seconds 
========================================================================
Received Import Request.
  Time since last request: 122.240013 seconds.
  path: Assets/Sprites/UI/Light Brown Book/Inventory Book/Book Side Tabs/Appear/With icons/1.png
  artifactKey: Guid(7f5cdb755eee4f540b38ecfc91c37676) Importer(815301076,1909f56bfc062723c751e8b465ee728b)
Start importing Assets/Sprites/UI/Light Brown Book/Inventory Book/Book Side Tabs/Appear/With icons/1.png using Guid(7f5cdb755eee4f540b38ecfc91c37676) Importer(815301076,1909f56bfc062723c751e8b465ee728b)  -> (artifact id: '31ae5e9aa038ceaf81460f9112a43344') in 0.035815 seconds 
========================================================================
Received Import Request.
  Time since last request: 0.000020 seconds.
  path: Assets/Sprites/UI/Light Brown Book/Inventory Book/Book Side Tabs/Appear/With icons/7.png
  artifactKey: Guid(c280578ac34d3c44e8c78ca4e3d4f520) Importer(815301076,1909f56bfc062723c751e8b465ee728b)
Start importing Assets/Sprites/UI/Light Brown Book/Inventory Book/Book Side Tabs/Appear/With icons/7.png using Guid(c280578ac34d3c44e8c78ca4e3d4f520) Importer(815301076,1909f56bfc062723c751e8b465ee728b)  -> (artifact id: '6f8972e2629d084333e6ad07ffca5e0b') in 0.038585 seconds 
========================================================================
Received Import Request.
  Time since last request: 0.000022 seconds.
  path: Assets/Sprites/UI/Light Brown Book/Inventory Book/Book Side Tabs/Appear/With icons/8.png
  artifactKey: Guid(818a4fb8c4e9af0449342e8295fcbef7) Importer(815301076,1909f56bfc062723c751e8b465ee728b)
Start importing Assets/Sprites/UI/Light Brown Book/Inventory Book/Book Side Tabs/Appear/With icons/8.png using Guid(818a4fb8c4e9af0449342e8295fcbef7) Importer(815301076,1909f56bfc062723c751e8b465ee728b)  -> (artifact id: 'b7fe3539dad6df3c517e694c1054f5f0') in 0.049781 seconds 
========================================================================
Received Import Request.
  Time since last request: 0.000015 seconds.
  path: Assets/Sprites/UI/Light Brown Book/Inventory Book/Book Side Tabs/Appear/With icons/13.png
  artifactKey: Guid(a7d52802356a0dc43a2d6600f2bfee0c) Importer(815301076,1909f56bfc062723c751e8b465ee728b)
Start importing Assets/Sprites/UI/Light Brown Book/Inventory Book/Book Side Tabs/Appear/With icons/13.png using Guid(a7d52802356a0dc43a2d6600f2bfee0c) Importer(815301076,1909f56bfc062723c751e8b465ee728b)  -> (artifact id: 'f000a63bf8281f5373f454261a85b2fa') in 0.041651 seconds 
========================================================================
Received Import Request.
  Time since last request: 0.000024 seconds.
  path: Assets/Sprites/UI/Light Brown Book/Inventory Book/Book Side Tabs/Appear/With icons/16.png
  artifactKey: Guid(4753f3753b69b864b8bcf4b5b33f8f11) Importer(815301076,1909f56bfc062723c751e8b465ee728b)
Start importing Assets/Sprites/UI/Light Brown Book/Inventory Book/Book Side Tabs/Appear/With icons/16.png using Guid(4753f3753b69b864b8bcf4b5b33f8f11) Importer(815301076,1909f56bfc062723c751e8b465ee728b)  -> (artifact id: 'e7f14bffa158a2fd7a08f417c51fdb01') in 0.048941 seconds 
========================================================================
Received Import Request.
  Time since last request: 0.000016 seconds.
  path: Assets/Sprites/UI/Light Brown Book/Inventory Book/Book Side Tabs/Appear/With icons/4.png
  artifactKey: Guid(637b2700e318d9c409be6a16d869b582) Importer(815301076,1909f56bfc062723c751e8b465ee728b)
Start importing Assets/Sprites/UI/Light Brown Book/Inventory Book/Book Side Tabs/Appear/With icons/4.png using Guid(637b2700e318d9c409be6a16d869b582) Importer(815301076,1909f56bfc062723c751e8b465ee728b)  -> (artifact id: '18a5ec34a9b5035d6540901f00306f76') in 0.045002 seconds 
========================================================================
Received Import Request.
  Time since last request: 0.000014 seconds.
  path: Assets/Sprites/UI/Light Brown Book/Inventory Book/Book Side Tabs/Appear/With icons/3.png
  artifactKey: Guid(90f8a4b8cde40854581097f9408a9779) Importer(815301076,1909f56bfc062723c751e8b465ee728b)
Start importing Assets/Sprites/UI/Light Brown Book/Inventory Book/Book Side Tabs/Appear/With icons/3.png using Guid(90f8a4b8cde40854581097f9408a9779) Importer(815301076,1909f56bfc062723c751e8b465ee728b)  -> (artifact id: 'f316e487131dfd970ae5690d493ea5e4') in 0.044069 seconds 
========================================================================
Received Import Request.
  Time since last request: 0.000020 seconds.
  path: Assets/Sprites/UI/Light Brown Book/Inventory Book/Book Side Tabs/Appear/With icons/14.png
  artifactKey: Guid(7ebc0cf1ed310084190cb17eb2d96a16) Importer(815301076,1909f56bfc062723c751e8b465ee728b)
Start importing Assets/Sprites/UI/Light Brown Book/Inventory Book/Book Side Tabs/Appear/With icons/14.png using Guid(7ebc0cf1ed310084190cb17eb2d96a16) Importer(815301076,1909f56bfc062723c751e8b465ee728b)  -> (artifact id: '538169dc0a653038e03d746cbc9be1e3') in 0.045644 seconds 
========================================================================
Received Import Request.
  Time since last request: 0.000026 seconds.
  path: Assets/Sprites/UI/Light Brown Book/Inventory Book/Book Side Tabs/Appear/With icons/17.png
  artifactKey: Guid(8b81f626342b4274fa4f31fda1bcd367) Importer(815301076,1909f56bfc062723c751e8b465ee728b)
Start importing Assets/Sprites/UI/Light Brown Book/Inventory Book/Book Side Tabs/Appear/With icons/17.png using Guid(8b81f626342b4274fa4f31fda1bcd367) Importer(815301076,1909f56bfc062723c751e8b465ee728b)  -> (artifact id: '5cde931a005979bdeefa0ef918324379') in 0.043341 seconds 
========================================================================
Received Import Request.
  Time since last request: 0.000026 seconds.
  path: Assets/Sprites/UI/Light Brown Book/Inventory Book/Book Side Tabs/Appear/With icons/11.png
  artifactKey: Guid(c358fa239efa8734fb663de32c9b9402) Importer(815301076,1909f56bfc062723c751e8b465ee728b)
Start importing Assets/Sprites/UI/Light Brown Book/Inventory Book/Book Side Tabs/Appear/With icons/11.png using Guid(c358fa239efa8734fb663de32c9b9402) Importer(815301076,1909f56bfc062723c751e8b465ee728b)  -> (artifact id: '6e8852ab1282ebd3eda05c9b954f4cbe') in 0.043489 seconds 
========================================================================
Received Import Request.
  Time since last request: 11.196338 seconds.
  path: Assets/Sprites/UI/Light Brown Book/Inventory Book/Book Side Tabs/Appear/Without icons/1.png
  artifactKey: Guid(ef8a1b6f9f70fa94282badab69a15ae1) Importer(815301076,1909f56bfc062723c751e8b465ee728b)
Start importing Assets/Sprites/UI/Light Brown Book/Inventory Book/Book Side Tabs/Appear/Without icons/1.png using Guid(ef8a1b6f9f70fa94282badab69a15ae1) Importer(815301076,1909f56bfc062723c751e8b465ee728b)  -> (artifact id: '4c606270ea516878ec29d959727dac8b') in 0.031847 seconds 
========================================================================
Received Import Request.
  Time since last request: 0.000017 seconds.
  path: Assets/Sprites/UI/Light Brown Book/Inventory Book/Book Side Tabs/Appear/Without icons/17.png
  artifactKey: Guid(c2612389f692244478e11e9b2c553ed1) Importer(815301076,1909f56bfc062723c751e8b465ee728b)
Start importing Assets/Sprites/UI/Light Brown Book/Inventory Book/Book Side Tabs/Appear/Without icons/17.png using Guid(c2612389f692244478e11e9b2c553ed1) Importer(815301076,1909f56bfc062723c751e8b465ee728b)  -> (artifact id: '3571acbce5ee2cc6c5fb4cbb67c22066') in 0.048734 seconds 
========================================================================
Received Import Request.
  Time since last request: 0.000046 seconds.
  path: Assets/Sprites/UI/Light Brown Book/Inventory Book/Book Side Tabs/Appear/Without icons/11.png
  artifactKey: Guid(59b30d38d9830af428ec3d16b27825d9) Importer(815301076,1909f56bfc062723c751e8b465ee728b)
Start importing Assets/Sprites/UI/Light Brown Book/Inventory Book/Book Side Tabs/Appear/Without icons/11.png using Guid(59b30d38d9830af428ec3d16b27825d9) Importer(815301076,1909f56bfc062723c751e8b465ee728b)  -> (artifact id: '9c92c76a3fe72f801f02e152ed4fd9a2') in 0.044128 seconds 
========================================================================
Received Import Request.
  Time since last request: 0.000016 seconds.
  path: Assets/Sprites/UI/Light Brown Book/Inventory Book/Book Side Tabs/Appear/Without icons/14.png
  artifactKey: Guid(31ae3cc7829612045bbbcf829842ded3) Importer(815301076,1909f56bfc062723c751e8b465ee728b)
Start importing Assets/Sprites/UI/Light Brown Book/Inventory Book/Book Side Tabs/Appear/Without icons/14.png using Guid(31ae3cc7829612045bbbcf829842ded3) Importer(815301076,1909f56bfc062723c751e8b465ee728b)  -> (artifact id: 'fd37d3ec1ad491604d56202530cf8f46') in 0.048765 seconds 
========================================================================
Received Import Request.
  Time since last request: 0.000019 seconds.
  path: Assets/Sprites/UI/Light Brown Book/Inventory Book/Book Side Tabs/Appear/Without icons/6.png
  artifactKey: Guid(d2eacfa0d8212994cadfd24d39c5df0f) Importer(815301076,1909f56bfc062723c751e8b465ee728b)
Start importing Assets/Sprites/UI/Light Brown Book/Inventory Book/Book Side Tabs/Appear/Without icons/6.png using Guid(d2eacfa0d8212994cadfd24d39c5df0f) Importer(815301076,1909f56bfc062723c751e8b465ee728b)  -> (artifact id: 'ca3bf56f5fe5b1773f2a946d8d07f861') in 0.043208 seconds 
========================================================================
Received Import Request.
  Time since last request: 0.000017 seconds.
  path: Assets/Sprites/UI/Light Brown Book/Inventory Book/Book Side Tabs/Appear/Without icons/12.png
  artifactKey: Guid(67b07a6db46d0c94f82aee07c9d948c6) Importer(815301076,1909f56bfc062723c751e8b465ee728b)
Start importing Assets/Sprites/UI/Light Brown Book/Inventory Book/Book Side Tabs/Appear/Without icons/12.png using Guid(67b07a6db46d0c94f82aee07c9d948c6) Importer(815301076,1909f56bfc062723c751e8b465ee728b)  -> (artifact id: '5868b44e5b2db48c7268dca62ce62190') in 0.043648 seconds 
========================================================================
Received Import Request.
  Time since last request: 108.073237 seconds.
  path: Assets/Sprites/UI/Light Brown Book/Inventory Book/Book Side Tabs/Disappear/Without icons/1.png
  artifactKey: Guid(7024dba7f4c274440be14f3f977f976a) Importer(815301076,1909f56bfc062723c751e8b465ee728b)
Start importing Assets/Sprites/UI/Light Brown Book/Inventory Book/Book Side Tabs/Disappear/Without icons/1.png using Guid(7024dba7f4c274440be14f3f977f976a) Importer(815301076,1909f56bfc062723c751e8b465ee728b)  -> (artifact id: '3cfb058d3e803911288a2c521165be6f') in 0.035789 seconds 
========================================================================
Received Import Request.
  Time since last request: 0.000018 seconds.
  path: Assets/Sprites/UI/Light Brown Book/Inventory Book/Book Side Tabs/Disappear/Without icons/12.png
  artifactKey: Guid(8194a1e2e6641c740867aa63011f9fb2) Importer(815301076,1909f56bfc062723c751e8b465ee728b)
Start importing Assets/Sprites/UI/Light Brown Book/Inventory Book/Book Side Tabs/Disappear/Without icons/12.png using Guid(8194a1e2e6641c740867aa63011f9fb2) Importer(815301076,1909f56bfc062723c751e8b465ee728b)  -> (artifact id: 'b7a98a076d9cdb45a442452b37df47cd') in 0.050394 seconds 
========================================================================
Received Import Request.
  Time since last request: 0.000019 seconds.
  path: Assets/Sprites/UI/Light Brown Book/Inventory Book/Book Side Tabs/Disappear/Without icons/16.png
  artifactKey: Guid(8b17a96d8870bfb48bc3e6a39774bd63) Importer(815301076,1909f56bfc062723c751e8b465ee728b)
Start importing Assets/Sprites/UI/Light Brown Book/Inventory Book/Book Side Tabs/Disappear/Without icons/16.png using Guid(8b17a96d8870bfb48bc3e6a39774bd63) Importer(815301076,1909f56bfc062723c751e8b465ee728b)  -> (artifact id: 'ad441e18d509e62ba21e35e940849849') in 0.038904 seconds 
========================================================================
Received Import Request.
  Time since last request: 0.000023 seconds.
  path: Assets/Sprites/UI/Light Brown Book/Inventory Book/Book Side Tabs/Disappear/Without icons/6.png
  artifactKey: Guid(f26c1441ef1020d4da3e102334c511a1) Importer(815301076,1909f56bfc062723c751e8b465ee728b)
Start importing Assets/Sprites/UI/Light Brown Book/Inventory Book/Book Side Tabs/Disappear/Without icons/6.png using Guid(f26c1441ef1020d4da3e102334c511a1) Importer(815301076,1909f56bfc062723c751e8b465ee728b)  -> (artifact id: '2d777bb69d9c66ae5112d3cb1d64e957') in 0.039253 seconds 
========================================================================
Received Import Request.
  Time since last request: 0.000024 seconds.
  path: Assets/Sprites/UI/Light Brown Book/Inventory Book/Book Side Tabs/Disappear/Without icons/8.png
  artifactKey: Guid(620a5014455a1f641941c6bfdc340bd0) Importer(815301076,1909f56bfc062723c751e8b465ee728b)
Start importing Assets/Sprites/UI/Light Brown Book/Inventory Book/Book Side Tabs/Disappear/Without icons/8.png using Guid(620a5014455a1f641941c6bfdc340bd0) Importer(815301076,1909f56bfc062723c751e8b465ee728b)  -> (artifact id: 'fa360130ec08a903bcbc39ecceca7815') in 0.039241 seconds 
========================================================================
Received Import Request.
  Time since last request: 0.000021 seconds.
  path: Assets/Sprites/UI/Light Brown Book/Inventory Book/Book Side Tabs/Disappear/Without icons/11.png
  artifactKey: Guid(8627c5e778b422046ac5ee9018b61e09) Importer(815301076,1909f56bfc062723c751e8b465ee728b)
Start importing Assets/Sprites/UI/Light Brown Book/Inventory Book/Book Side Tabs/Disappear/Without icons/11.png using Guid(8627c5e778b422046ac5ee9018b61e09) Importer(815301076,1909f56bfc062723c751e8b465ee728b)  -> (artifact id: '2d303b58f65ab9ebc0ff8f1d926f9f52') in 0.041312 seconds 
========================================================================
Received Import Request.
  Time since last request: 0.000019 seconds.
  path: Assets/Sprites/UI/Light Brown Book/Inventory Book/Book Side Tabs/Disappear/Without icons/17.png
  artifactKey: Guid(e64804e1be42dbe488ca0b697900b02f) Importer(815301076,1909f56bfc062723c751e8b465ee728b)
Start importing Assets/Sprites/UI/Light Brown Book/Inventory Book/Book Side Tabs/Disappear/Without icons/17.png using Guid(e64804e1be42dbe488ca0b697900b02f) Importer(815301076,1909f56bfc062723c751e8b465ee728b)  -> (artifact id: 'b26c22f8818f8e478da013311d7e2485') in 0.046498 seconds 
========================================================================
Received Import Request.
  Time since last request: 0.000019 seconds.
  path: Assets/Sprites/UI/Light Brown Book/Inventory Book/Book Side Tabs/Disappear/Without icons/9.png
  artifactKey: Guid(7a21f5b1a0456234d93d5d83f68426be) Importer(815301076,1909f56bfc062723c751e8b465ee728b)
Start importing Assets/Sprites/UI/Light Brown Book/Inventory Book/Book Side Tabs/Disappear/Without icons/9.png using Guid(7a21f5b1a0456234d93d5d83f68426be) Importer(815301076,1909f56bfc062723c751e8b465ee728b)  -> (artifact id: 'f194261ff50ec4431699a85d2f59d1ad') in 0.042790 seconds 
========================================================================
Received Import Request.
  Time since last request: 0.000018 seconds.
  path: Assets/Sprites/UI/Light Brown Book/Inventory Book/Book Side Tabs/Disappear/Without icons/13.png
  artifactKey: Guid(2308206dc48ed654d88d2c49a00e64d9) Importer(815301076,1909f56bfc062723c751e8b465ee728b)
Start importing Assets/Sprites/UI/Light Brown Book/Inventory Book/Book Side Tabs/Disappear/Without icons/13.png using Guid(2308206dc48ed654d88d2c49a00e64d9) Importer(815301076,1909f56bfc062723c751e8b465ee728b)  -> (artifact id: '391fb1a7f9ae36fbbf9ebb723a2a3643') in 0.040892 seconds 
Editor requested this worker to shutdown with reason: Scaling down because of idle timeout
AssetImportWorker is now disconnected from the server
Process exiting
Exiting without the bug reporter. Application will terminate with return code 0