Using pre-set license
Built from '2021.3/staging' branch; Version is '2021.3.18f1 (3129e69bc0c7) revision 3221990'; Using compiler version '192829333'; Build Type 'Release'
OS: 'Windows 10  (10.0.19044) 64bit Core' Language: 'en' Physical Memory: 32718 MB
BatchMode: 1, IsHumanControllingUs: 0, StartBugReporterOnCrash: 0, Is64bit: 1, IsPro: 1

COMMAND LINE ARGUMENTS:
C:\Program Files\Unity\Hub\Editor\2021.3.18f1\Editor\Unity.exe
-adb2
-batchMode
-noUpm
-name
AssetImportWorker16
-projectPath
C:/Users/jake_/Game Dev/ProjectAlpha
-logFile
Logs/AssetImportWorker16.log
-srvPort
64995
Successfully changed project path to: C:/Users/jake_/Game Dev/ProjectAlpha
C:/Users/jake_/Game Dev/ProjectAlpha
[UnityMemory] Configuration Parameters - Can be set up in boot.config
    "memorysetup-bucket-allocator-granularity=16"
    "memorysetup-bucket-allocator-bucket-count=8"
    "memorysetup-bucket-allocator-block-size=33554432"
    "memorysetup-bucket-allocator-block-count=8"
    "memorysetup-main-allocator-block-size=16777216"
    "memorysetup-thread-allocator-block-size=16777216"
    "memorysetup-gfx-main-allocator-block-size=16777216"
    "memorysetup-gfx-thread-allocator-block-size=16777216"
    "memorysetup-cache-allocator-block-size=4194304"
    "memorysetup-typetree-allocator-block-size=2097152"
    "memorysetup-profiler-bucket-allocator-granularity=16"
    "memorysetup-profiler-bucket-allocator-bucket-count=8"
    "memorysetup-profiler-bucket-allocator-block-size=33554432"
    "memorysetup-profiler-bucket-allocator-block-count=8"
    "memorysetup-profiler-allocator-block-size=16777216"
    "memorysetup-profiler-editor-allocator-block-size=1048576"
    "memorysetup-temp-allocator-size-main=16777216"
    "memorysetup-job-temp-allocator-block-size=2097152"
    "memorysetup-job-temp-allocator-block-size-background=1048576"
    "memorysetup-job-temp-allocator-reduction-small-platforms=262144"
    "memorysetup-temp-allocator-size-background-worker=32768"
    "memorysetup-temp-allocator-size-job-worker=262144"
    "memorysetup-temp-allocator-size-preload-manager=33554432"
    "memorysetup-temp-allocator-size-nav-mesh-worker=65536"
    "memorysetup-temp-allocator-size-audio-worker=65536"
    "memorysetup-temp-allocator-size-cloud-worker=32768"
    "memorysetup-temp-allocator-size-gi-baking-worker=262144"
    "memorysetup-temp-allocator-size-gfx=262144"
Player connection [20776] Host "[IP] 192.168.0.150 [Port] 0 [Flags] 2 [Guid] 611719091 [EditorId] 611719091 [Version] 1048832 [Id] WindowsEditor(7,DESKTOP-PSBGKUK) [Debug] 1 [PackageName] WindowsEditor [ProjectName] Editor" joined multi-casting on [225.0.0.222:54997]...

Player connection [20776] Host "[IP] 192.168.0.150 [Port] 0 [Flags] 2 [Guid] 611719091 [EditorId] 611719091 [Version] 1048832 [Id] WindowsEditor(7,DESKTOP-PSBGKUK) [Debug] 1 [PackageName] WindowsEditor [ProjectName] Editor" joined alternative multi-casting on [225.0.0.222:34997]...

Refreshing native plugins compatible for Editor in 125.04 ms, found 3 plugins.
Preloading 0 native plugins for Editor in 0.00 ms.
Initialize engine version: 2021.3.18f1 (3129e69bc0c7)
[Subsystems] Discovering subsystems at path C:/Program Files/Unity/Hub/Editor/2021.3.18f1/Editor/Data/Resources/UnitySubsystems
[Subsystems] Discovering subsystems at path C:/Users/jake_/Game Dev/ProjectAlpha/Assets
GfxDevice: creating device client; threaded=0; jobified=0
Direct3D:
    Version:  Direct3D 11.0 [level 11.1]
    Renderer: NVIDIA GeForce RTX 3070 (ID=0x2488)
    Vendor:   NVIDIA
    VRAM:     8043 MB
    Driver:   31.0.15.2225
Initialize mono
Mono path[0] = 'C:/Program Files/Unity/Hub/Editor/2021.3.18f1/Editor/Data/Managed'
Mono path[1] = 'C:/Program Files/Unity/Hub/Editor/2021.3.18f1/Editor/Data/MonoBleedingEdge/lib/mono/unityjit-win32'
Mono config path = 'C:/Program Files/Unity/Hub/Editor/2021.3.18f1/Editor/Data/MonoBleedingEdge/etc'
Using monoOptions --debugger-agent=transport=dt_socket,embedding=1,server=y,suspend=n,address=127.0.0.1:56176
Begin MonoManager ReloadAssembly
Registering precompiled unity dll's ...
Register platform support module: C:/Program Files/Unity/Hub/Editor/2021.3.18f1/Editor/Data/PlaybackEngines/WindowsStandaloneSupport/UnityEditor.WindowsStandalone.Extensions.dll
Registered in 0.006473 seconds.
Native extension for WindowsStandalone target not found
Refreshing native plugins compatible for Editor in 115.70 ms, found 3 plugins.
Preloading 0 native plugins for Editor in 0.00 ms.
Mono: successfully reloaded assembly
- Completed reload, in  0.585 seconds
Domain Reload Profiling:
	ReloadAssembly (585ms)
		BeginReloadAssembly (60ms)
			ExecutionOrderSort (0ms)
			DisableScriptedObjects (0ms)
			BackupInstance (0ms)
			ReleaseScriptingObjects (0ms)
			CreateAndSetChildDomain (1ms)
		EndReloadAssembly (429ms)
			LoadAssemblies (58ms)
			RebuildTransferFunctionScriptingTraits (0ms)
			SetupTypeCache (85ms)
			ReleaseScriptCaches (0ms)
			RebuildScriptCaches (22ms)
			SetupLoadedEditorAssemblies (278ms)
				LogAssemblyErrors (0ms)
				InitializePlatformSupportModulesInManaged (7ms)
				SetLoadedEditorAssemblies (0ms)
				RefreshPlugins (116ms)
				BeforeProcessingInitializeOnLoad (1ms)
				ProcessInitializeOnLoadAttributes (117ms)
				ProcessInitializeOnLoadMethodAttributes (38ms)
				AfterProcessingInitializeOnLoad (0ms)
				EditorAssembliesLoaded (0ms)
			ExecutionOrderSort2 (0ms)
			AwakeInstancesAfterBackupRestoration (0ms)
Platform modules already initialized, skipping
Registering precompiled user dll's ...
Registered in 0.004816 seconds.
Begin MonoManager ReloadAssembly
Native extension for WindowsStandalone target not found
Refreshing native plugins compatible for Editor in 109.03 ms, found 3 plugins.
Preloading 0 native plugins for Editor in 0.00 ms.
Mono: successfully reloaded assembly
- Completed reload, in  1.055 seconds
Domain Reload Profiling:
	ReloadAssembly (1055ms)
		BeginReloadAssembly (94ms)
			ExecutionOrderSort (0ms)
			DisableScriptedObjects (5ms)
			BackupInstance (0ms)
			ReleaseScriptingObjects (0ms)
			CreateAndSetChildDomain (16ms)
		EndReloadAssembly (857ms)
			LoadAssemblies (72ms)
			RebuildTransferFunctionScriptingTraits (0ms)
			SetupTypeCache (180ms)
			ReleaseScriptCaches (1ms)
			RebuildScriptCaches (51ms)
			SetupLoadedEditorAssemblies (511ms)
				LogAssemblyErrors (0ms)
				InitializePlatformSupportModulesInManaged (4ms)
				SetLoadedEditorAssemblies (0ms)
				RefreshPlugins (109ms)
				BeforeProcessingInitializeOnLoad (75ms)
				ProcessInitializeOnLoadAttributes (222ms)
				ProcessInitializeOnLoadMethodAttributes (92ms)
				AfterProcessingInitializeOnLoad (9ms)
				EditorAssembliesLoaded (0ms)
			ExecutionOrderSort2 (0ms)
			AwakeInstancesAfterBackupRestoration (6ms)
Platform modules already initialized, skipping
========================================================================
Worker process is ready to serve import requests
Launched and connected shader compiler UnityShaderCompiler.exe after 0.03 seconds
Refreshing native plugins compatible for Editor in 2.36 ms, found 3 plugins.
Preloading 0 native plugins for Editor in 0.00 ms.
Unloading 3188 Unused Serialized files (Serialized files now loaded: 0)
Unloading 46 unused Assets / (1.3 MB). Loaded Objects now: 3643.
Memory consumption went from 152.0 MB to 150.7 MB.
Total: 3.125000 ms (FindLiveObjects: 0.257700 ms CreateObjectMapping: 0.079400 ms MarkObjects: 2.521800 ms  DeleteObjects: 0.265200 ms)

AssetImportParameters requested are different than current active one (requested -> active):
  custom:video-decoder-ogg-theora: a1e56fd34408186e4bbccfd4996cb3dc -> 
  custom:container-muxer-webm: aa71ff27fc2769a1b78a27578f13a17b -> 
  custom:container-demuxer-webm: 4f35f7cbe854078d1ac9338744f61a02 -> 
  custom:video-encoder-webm-vp8: eb34c28f22e8b96e1ab97ce403110664 -> 
  custom:audio-encoder-webm-vorbis: bf7c407c2cedff20999df2af8eb42d56 -> 
  custom:framework-win-MediaFoundation: 216162199b28c13a410421893ffa2e32 -> 
  custom:container-demuxer-ogg: 62fdf1f143b41e24485cea50d1cbac27 -> 
  custom:video-decoder-webm-vp8: 9c59270c3fd7afecdb556c50c9e8de78 -> 
  custom:audio-decoder-ogg-vorbis: bf7c407c2cedff20999df2af8eb42d56 -> 
========================================================================
Received Import Request.
  Time since last request: 308960.854301 seconds.
  path: Assets/Sprites/UI/Light Brown Book/Content/11 Treasure Chest/3.png
  artifactKey: Guid(4e32ed1179bbd3341bd7f604a3a36250) Importer(815301076,1909f56bfc062723c751e8b465ee728b)
Start importing Assets/Sprites/UI/Light Brown Book/Content/11 Treasure Chest/3.png using Guid(4e32ed1179bbd3341bd7f604a3a36250) Importer(815301076,1909f56bfc062723c751e8b465ee728b)  -> (artifact id: '7c5eba319cdea6ae450da6fbf64acaf3') in 0.111182 seconds 
========================================================================
Received Import Request.
  Time since last request: 3.009169 seconds.
  path: Assets/Sprites/UI/Light Brown Book/Content/1 Items/3.png
  artifactKey: Guid(ce11ab7dfcc0b204ba4c930405be6b76) Importer(815301076,1909f56bfc062723c751e8b465ee728b)
Start importing Assets/Sprites/UI/Light Brown Book/Content/1 Items/3.png using Guid(ce11ab7dfcc0b204ba4c930405be6b76) Importer(815301076,1909f56bfc062723c751e8b465ee728b)  -> (artifact id: '16cf3111f0d45ea521047bba172ac6cb') in 0.017823 seconds 
========================================================================
Received Import Request.
  Time since last request: 0.000028 seconds.
  path: Assets/Sprites/UI/Light Brown Book/Content/1 Items/20.png
  artifactKey: Guid(33a182e4fb9909f48a76655b9d850a01) Importer(815301076,1909f56bfc062723c751e8b465ee728b)
Start importing Assets/Sprites/UI/Light Brown Book/Content/1 Items/20.png using Guid(33a182e4fb9909f48a76655b9d850a01) Importer(815301076,1909f56bfc062723c751e8b465ee728b)  -> (artifact id: 'b71f538d27f52097d70f3e828c0df29d') in 0.018786 seconds 
========================================================================
Received Import Request.
  Time since last request: 0.000012 seconds.
  path: Assets/Sprites/UI/Light Brown Book/Content/1 Items/9.png
  artifactKey: Guid(50f9c69c1bebdbc44bfae5ab215a6f1c) Importer(815301076,1909f56bfc062723c751e8b465ee728b)
Start importing Assets/Sprites/UI/Light Brown Book/Content/1 Items/9.png using Guid(50f9c69c1bebdbc44bfae5ab215a6f1c) Importer(815301076,1909f56bfc062723c751e8b465ee728b)  -> (artifact id: '807f3ad45a495b0d50f0caa76f916473') in 0.017352 seconds 
========================================================================
Received Import Request.
  Time since last request: 0.000016 seconds.
  path: Assets/Sprites/UI/Light Brown Book/Content/1 Items/10.png
  artifactKey: Guid(7d43c09fcff41094ba5a9af0e63a3957) Importer(815301076,1909f56bfc062723c751e8b465ee728b)
Start importing Assets/Sprites/UI/Light Brown Book/Content/1 Items/10.png using Guid(7d43c09fcff41094ba5a9af0e63a3957) Importer(815301076,1909f56bfc062723c751e8b465ee728b)  -> (artifact id: '13157e33b1dda5471ec91a2bcb7e2305') in 0.021657 seconds 
========================================================================
Received Import Request.
  Time since last request: 0.000026 seconds.
  path: Assets/Sprites/UI/Light Brown Book/Content/1 Items/16.png
  artifactKey: Guid(d52b9ed17c0935d4389b2e461d183c24) Importer(815301076,1909f56bfc062723c751e8b465ee728b)
Start importing Assets/Sprites/UI/Light Brown Book/Content/1 Items/16.png using Guid(d52b9ed17c0935d4389b2e461d183c24) Importer(815301076,1909f56bfc062723c751e8b465ee728b)  -> (artifact id: 'e18adac59f316bf46da6a23730a8ded7') in 0.019371 seconds 
========================================================================
Received Import Request.
  Time since last request: 0.000015 seconds.
  path: Assets/Sprites/UI/Light Brown Book/Content/1 Items/23.png
  artifactKey: Guid(62e032f320ae2564db90d449323d3458) Importer(815301076,1909f56bfc062723c751e8b465ee728b)
Start importing Assets/Sprites/UI/Light Brown Book/Content/1 Items/23.png using Guid(62e032f320ae2564db90d449323d3458) Importer(815301076,1909f56bfc062723c751e8b465ee728b)  -> (artifact id: 'e8ac0f7ba045be6f46fabb0bc0b3fab3') in 0.037976 seconds 
========================================================================
Received Import Request.
  Time since last request: 0.000013 seconds.
  path: Assets/Sprites/UI/Light Brown Book/Content/1 Items/24.png
  artifactKey: Guid(bff3c2c2910a31b4a813373479ac9535) Importer(815301076,1909f56bfc062723c751e8b465ee728b)
Start importing Assets/Sprites/UI/Light Brown Book/Content/1 Items/24.png using Guid(bff3c2c2910a31b4a813373479ac9535) Importer(815301076,1909f56bfc062723c751e8b465ee728b)  -> (artifact id: '91b5ec87fab47cfdbcd4ba0aa36f6e18') in 0.018234 seconds 
========================================================================
Received Import Request.
  Time since last request: 15.001745 seconds.
  path: Assets/Sprites/UI/Light Brown Book/Content/13 Stamp/Stamp/Stamped/3.png
  artifactKey: Guid(8d56418ed1f45304eb9a33561673fab1) Importer(815301076,1909f56bfc062723c751e8b465ee728b)
Start importing Assets/Sprites/UI/Light Brown Book/Content/13 Stamp/Stamp/Stamped/3.png using Guid(8d56418ed1f45304eb9a33561673fab1) Importer(815301076,1909f56bfc062723c751e8b465ee728b)  -> (artifact id: '467bf475964c3ec58e58f2701b099510') in 0.026016 seconds 
========================================================================
Received Import Request.
  Time since last request: 0.000017 seconds.
  path: Assets/Sprites/UI/Light Brown Book/Content/13 Stamp/Stamp/Stamped/12.png
  artifactKey: Guid(d1e67fa4f58db90409b9e365d19ecfe7) Importer(815301076,1909f56bfc062723c751e8b465ee728b)
Start importing Assets/Sprites/UI/Light Brown Book/Content/13 Stamp/Stamp/Stamped/12.png using Guid(d1e67fa4f58db90409b9e365d19ecfe7) Importer(815301076,1909f56bfc062723c751e8b465ee728b)  -> (artifact id: '98d3e81cae3ce919ad5007fded9c01ad') in 0.023040 seconds 
========================================================================
Received Import Request.
  Time since last request: 0.000013 seconds.
  path: Assets/Sprites/UI/Light Brown Book/Content/13 Stamp/Stamp/Stamped/19.png
  artifactKey: Guid(3f1de875da77f164e84b2dacec3c4ec9) Importer(815301076,1909f56bfc062723c751e8b465ee728b)
Start importing Assets/Sprites/UI/Light Brown Book/Content/13 Stamp/Stamp/Stamped/19.png using Guid(3f1de875da77f164e84b2dacec3c4ec9) Importer(815301076,1909f56bfc062723c751e8b465ee728b)  -> (artifact id: '687a5a4e57692ca66ec3a9f9b15c16d1') in 0.017864 seconds 
========================================================================
Received Import Request.
  Time since last request: 0.000015 seconds.
  path: Assets/Sprites/UI/Light Brown Book/Content/13 Stamp/Stamp/Stamped/14.png
  artifactKey: Guid(d73a814bd9b0cc342aec1d8e6b80ab1b) Importer(815301076,1909f56bfc062723c751e8b465ee728b)
Start importing Assets/Sprites/UI/Light Brown Book/Content/13 Stamp/Stamp/Stamped/14.png using Guid(d73a814bd9b0cc342aec1d8e6b80ab1b) Importer(815301076,1909f56bfc062723c751e8b465ee728b)  -> (artifact id: '3ae0d426ba04deaf6e9cd2807bd5175e') in 0.011473 seconds 
========================================================================
Received Import Request.
  Time since last request: 0.000020 seconds.
  path: Assets/Sprites/UI/Light Brown Book/Content/13 Stamp/Stamp/Stamped/9.png
  artifactKey: Guid(ec963767e67fb08488656f48cdf092d3) Importer(815301076,1909f56bfc062723c751e8b465ee728b)
Start importing Assets/Sprites/UI/Light Brown Book/Content/13 Stamp/Stamp/Stamped/9.png using Guid(ec963767e67fb08488656f48cdf092d3) Importer(815301076,1909f56bfc062723c751e8b465ee728b)  -> (artifact id: '7ef5c75b2f6b1a432d510fc26279c157') in 0.016337 seconds 
Editor requested this worker to shutdown with reason: Scaling down because of idle timeout
AssetImportWorker is now disconnected from the server
Process exiting
Exiting without the bug reporter. Application will terminate with return code 0