Using pre-set license
Built from '2021.3/staging' branch; Version is '2021.3.18f1 (3129e69bc0c7) revision 3221990'; Using compiler version '192829333'; Build Type 'Release'
OS: 'Windows 10  (10.0.19044) 64bit Core' Language: 'en' Physical Memory: 32718 MB
BatchMode: 1, IsHumanControllingUs: 0, StartBugReporterOnCrash: 0, Is64bit: 1, IsPro: 1

COMMAND LINE ARGUMENTS:
C:\Program Files\Unity\Hub\Editor\2021.3.18f1\Editor\Unity.exe
-adb2
-batchMode
-noUpm
-name
AssetImportWorker6
-projectPath
C:/Users/jake_/Game Dev/ProjectAlpha
-logFile
Logs/AssetImportWorker6.log
-srvPort
64995
Successfully changed project path to: C:/Users/jake_/Game Dev/ProjectAlpha
C:/Users/jake_/Game Dev/ProjectAlpha
[UnityMemory] Configuration Parameters - Can be set up in boot.config
    "memorysetup-bucket-allocator-granularity=16"
    "memorysetup-bucket-allocator-bucket-count=8"
    "memorysetup-bucket-allocator-block-size=33554432"
    "memorysetup-bucket-allocator-block-count=8"
    "memorysetup-main-allocator-block-size=16777216"
    "memorysetup-thread-allocator-block-size=16777216"
    "memorysetup-gfx-main-allocator-block-size=16777216"
    "memorysetup-gfx-thread-allocator-block-size=16777216"
    "memorysetup-cache-allocator-block-size=4194304"
    "memorysetup-typetree-allocator-block-size=2097152"
    "memorysetup-profiler-bucket-allocator-granularity=16"
    "memorysetup-profiler-bucket-allocator-bucket-count=8"
    "memorysetup-profiler-bucket-allocator-block-size=33554432"
    "memorysetup-profiler-bucket-allocator-block-count=8"
    "memorysetup-profiler-allocator-block-size=16777216"
    "memorysetup-profiler-editor-allocator-block-size=1048576"
    "memorysetup-temp-allocator-size-main=16777216"
    "memorysetup-job-temp-allocator-block-size=2097152"
    "memorysetup-job-temp-allocator-block-size-background=1048576"
    "memorysetup-job-temp-allocator-reduction-small-platforms=262144"
    "memorysetup-temp-allocator-size-background-worker=32768"
    "memorysetup-temp-allocator-size-job-worker=262144"
    "memorysetup-temp-allocator-size-preload-manager=33554432"
    "memorysetup-temp-allocator-size-nav-mesh-worker=65536"
    "memorysetup-temp-allocator-size-audio-worker=65536"
    "memorysetup-temp-allocator-size-cloud-worker=32768"
    "memorysetup-temp-allocator-size-gi-baking-worker=262144"
    "memorysetup-temp-allocator-size-gfx=262144"
Player connection [21680] Host "[IP] 192.168.0.150 [Port] 0 [Flags] 2 [Guid] 1915781565 [EditorId] 1915781565 [Version] 1048832 [Id] WindowsEditor(7,DESKTOP-PSBGKUK) [Debug] 1 [PackageName] WindowsEditor [ProjectName] Editor" joined multi-casting on [225.0.0.222:54997]...

Player connection [21680] Host "[IP] 192.168.0.150 [Port] 0 [Flags] 2 [Guid] 1915781565 [EditorId] 1915781565 [Version] 1048832 [Id] WindowsEditor(7,DESKTOP-PSBGKUK) [Debug] 1 [PackageName] WindowsEditor [ProjectName] Editor" joined alternative multi-casting on [225.0.0.222:34997]...

Refreshing native plugins compatible for Editor in 120.42 ms, found 3 plugins.
Preloading 0 native plugins for Editor in 0.00 ms.
Initialize engine version: 2021.3.18f1 (3129e69bc0c7)
[Subsystems] Discovering subsystems at path C:/Program Files/Unity/Hub/Editor/2021.3.18f1/Editor/Data/Resources/UnitySubsystems
[Subsystems] Discovering subsystems at path C:/Users/jake_/Game Dev/ProjectAlpha/Assets
GfxDevice: creating device client; threaded=0; jobified=0
Direct3D:
    Version:  Direct3D 11.0 [level 11.1]
    Renderer: NVIDIA GeForce RTX 3070 (ID=0x2488)
    Vendor:   NVIDIA
    VRAM:     8043 MB
    Driver:   31.0.15.2225
Initialize mono
Mono path[0] = 'C:/Program Files/Unity/Hub/Editor/2021.3.18f1/Editor/Data/Managed'
Mono path[1] = 'C:/Program Files/Unity/Hub/Editor/2021.3.18f1/Editor/Data/MonoBleedingEdge/lib/mono/unityjit-win32'
Mono config path = 'C:/Program Files/Unity/Hub/Editor/2021.3.18f1/Editor/Data/MonoBleedingEdge/etc'
Using monoOptions --debugger-agent=transport=dt_socket,embedding=1,server=y,suspend=n,address=127.0.0.1:56176
Begin MonoManager ReloadAssembly
Registering precompiled unity dll's ...
Register platform support module: C:/Program Files/Unity/Hub/Editor/2021.3.18f1/Editor/Data/PlaybackEngines/WindowsStandaloneSupport/UnityEditor.WindowsStandalone.Extensions.dll
Registered in 0.006515 seconds.
Native extension for WindowsStandalone target not found
Refreshing native plugins compatible for Editor in 111.86 ms, found 3 plugins.
Preloading 0 native plugins for Editor in 0.00 ms.
Mono: successfully reloaded assembly
- Completed reload, in  0.582 seconds
Domain Reload Profiling:
	ReloadAssembly (582ms)
		BeginReloadAssembly (59ms)
			ExecutionOrderSort (0ms)
			DisableScriptedObjects (0ms)
			BackupInstance (0ms)
			ReleaseScriptingObjects (0ms)
			CreateAndSetChildDomain (1ms)
		EndReloadAssembly (428ms)
			LoadAssemblies (57ms)
			RebuildTransferFunctionScriptingTraits (0ms)
			SetupTypeCache (85ms)
			ReleaseScriptCaches (0ms)
			RebuildScriptCaches (21ms)
			SetupLoadedEditorAssemblies (276ms)
				LogAssemblyErrors (0ms)
				InitializePlatformSupportModulesInManaged (7ms)
				SetLoadedEditorAssemblies (0ms)
				RefreshPlugins (112ms)
				BeforeProcessingInitializeOnLoad (1ms)
				ProcessInitializeOnLoadAttributes (119ms)
				ProcessInitializeOnLoadMethodAttributes (37ms)
				AfterProcessingInitializeOnLoad (0ms)
				EditorAssembliesLoaded (0ms)
			ExecutionOrderSort2 (0ms)
			AwakeInstancesAfterBackupRestoration (0ms)
Platform modules already initialized, skipping
Registering precompiled user dll's ...
Registered in 0.005065 seconds.
Begin MonoManager ReloadAssembly
Native extension for WindowsStandalone target not found
Refreshing native plugins compatible for Editor in 109.26 ms, found 3 plugins.
Preloading 0 native plugins for Editor in 0.00 ms.
Mono: successfully reloaded assembly
- Completed reload, in  1.026 seconds
Domain Reload Profiling:
	ReloadAssembly (1027ms)
		BeginReloadAssembly (93ms)
			ExecutionOrderSort (0ms)
			DisableScriptedObjects (5ms)
			BackupInstance (0ms)
			ReleaseScriptingObjects (0ms)
			CreateAndSetChildDomain (16ms)
		EndReloadAssembly (833ms)
			LoadAssemblies (68ms)
			RebuildTransferFunctionScriptingTraits (0ms)
			SetupTypeCache (173ms)
			ReleaseScriptCaches (1ms)
			RebuildScriptCaches (51ms)
			SetupLoadedEditorAssemblies (502ms)
				LogAssemblyErrors (0ms)
				InitializePlatformSupportModulesInManaged (4ms)
				SetLoadedEditorAssemblies (0ms)
				RefreshPlugins (109ms)
				BeforeProcessingInitializeOnLoad (73ms)
				ProcessInitializeOnLoadAttributes (219ms)
				ProcessInitializeOnLoadMethodAttributes (90ms)
				AfterProcessingInitializeOnLoad (7ms)
				EditorAssembliesLoaded (0ms)
			ExecutionOrderSort2 (0ms)
			AwakeInstancesAfterBackupRestoration (5ms)
Platform modules already initialized, skipping
========================================================================
Worker process is ready to serve import requests
Launched and connected shader compiler UnityShaderCompiler.exe after 0.03 seconds
Refreshing native plugins compatible for Editor in 1.46 ms, found 3 plugins.
Preloading 0 native plugins for Editor in 0.00 ms.
Unloading 3188 Unused Serialized files (Serialized files now loaded: 0)
Unloading 46 unused Assets / (1.3 MB). Loaded Objects now: 3643.
Memory consumption went from 159.3 MB to 158.1 MB.
Total: 3.065600 ms (FindLiveObjects: 0.230900 ms CreateObjectMapping: 0.078800 ms MarkObjects: 2.437400 ms  DeleteObjects: 0.317900 ms)

AssetImportParameters requested are different than current active one (requested -> active):
  custom:video-decoder-ogg-theora: a1e56fd34408186e4bbccfd4996cb3dc -> 
  custom:container-muxer-webm: aa71ff27fc2769a1b78a27578f13a17b -> 
  custom:container-demuxer-webm: 4f35f7cbe854078d1ac9338744f61a02 -> 
  custom:video-encoder-webm-vp8: eb34c28f22e8b96e1ab97ce403110664 -> 
  custom:audio-encoder-webm-vorbis: bf7c407c2cedff20999df2af8eb42d56 -> 
  custom:framework-win-MediaFoundation: 216162199b28c13a410421893ffa2e32 -> 
  custom:container-demuxer-ogg: 62fdf1f143b41e24485cea50d1cbac27 -> 
  custom:video-decoder-webm-vp8: 9c59270c3fd7afecdb556c50c9e8de78 -> 
  custom:audio-decoder-ogg-vorbis: bf7c407c2cedff20999df2af8eb42d56 -> 
========================================================================
Received Import Request.
  Time since last request: 306776.702392 seconds.
  path: Assets/Sprites/UI/Light Brown Book/Inventory Book/Book Side Tabs/Appear/With icons/2.png
  artifactKey: Guid(1ba81da3e0504f147bcc23d8dabf0c5e) Importer(815301076,1909f56bfc062723c751e8b465ee728b)
Start importing Assets/Sprites/UI/Light Brown Book/Inventory Book/Book Side Tabs/Appear/With icons/2.png using Guid(1ba81da3e0504f147bcc23d8dabf0c5e) Importer(815301076,1909f56bfc062723c751e8b465ee728b)  -> (artifact id: 'c1517b32b29ccccb066e1b0a102273ce') in 0.182220 seconds 
========================================================================
Received Import Request.
  Time since last request: 0.000029 seconds.
  path: Assets/Sprites/UI/Light Brown Book/Inventory Book/Book Side Tabs/Appear/With icons/10.png
  artifactKey: Guid(322a4250eeef5334ab1217f86b57e977) Importer(815301076,1909f56bfc062723c751e8b465ee728b)
Start importing Assets/Sprites/UI/Light Brown Book/Inventory Book/Book Side Tabs/Appear/With icons/10.png using Guid(322a4250eeef5334ab1217f86b57e977) Importer(815301076,1909f56bfc062723c751e8b465ee728b)  -> (artifact id: '87a43922b3988849da6abd2bfa295285') in 0.051926 seconds 
========================================================================
Received Import Request.
  Time since last request: 0.000040 seconds.
  path: Assets/Sprites/UI/Light Brown Book/Inventory Book/Book Side Tabs/Appear/With icons/12.png
  artifactKey: Guid(8fc0007c687e14a4aa1953b4339a0a01) Importer(815301076,1909f56bfc062723c751e8b465ee728b)
Start importing Assets/Sprites/UI/Light Brown Book/Inventory Book/Book Side Tabs/Appear/With icons/12.png using Guid(8fc0007c687e14a4aa1953b4339a0a01) Importer(815301076,1909f56bfc062723c751e8b465ee728b)  -> (artifact id: '98308e99539edc29098e21c0fb09e7e0') in 0.043533 seconds 
========================================================================
Received Import Request.
  Time since last request: 0.000016 seconds.
  path: Assets/Sprites/UI/Light Brown Book/Inventory Book/Book Side Tabs/Appear/With icons/5.png
  artifactKey: Guid(215a117a97c4e2c4f9fabd62feadb501) Importer(815301076,1909f56bfc062723c751e8b465ee728b)
Start importing Assets/Sprites/UI/Light Brown Book/Inventory Book/Book Side Tabs/Appear/With icons/5.png using Guid(215a117a97c4e2c4f9fabd62feadb501) Importer(815301076,1909f56bfc062723c751e8b465ee728b)  -> (artifact id: '39e1dc26366e22bb3687610153721394') in 0.042478 seconds 
========================================================================
Received Import Request.
  Time since last request: 0.000013 seconds.
  path: Assets/Sprites/UI/Light Brown Book/Inventory Book/Book Side Tabs/Appear/With icons/9.png
  artifactKey: Guid(b21ae5040f8d6cd4db27188b0e3d0f33) Importer(815301076,1909f56bfc062723c751e8b465ee728b)
Start importing Assets/Sprites/UI/Light Brown Book/Inventory Book/Book Side Tabs/Appear/With icons/9.png using Guid(b21ae5040f8d6cd4db27188b0e3d0f33) Importer(815301076,1909f56bfc062723c751e8b465ee728b)  -> (artifact id: '8eebe58d61e40f0503003a6b3f0ba6ae') in 0.045831 seconds 
========================================================================
Received Import Request.
  Time since last request: 0.000022 seconds.
  path: Assets/Sprites/UI/Light Brown Book/Inventory Book/Book Side Tabs/Appear/With icons/6.png
  artifactKey: Guid(239b71054cd934b4d837f22feed3cd7e) Importer(815301076,1909f56bfc062723c751e8b465ee728b)
Start importing Assets/Sprites/UI/Light Brown Book/Inventory Book/Book Side Tabs/Appear/With icons/6.png using Guid(239b71054cd934b4d837f22feed3cd7e) Importer(815301076,1909f56bfc062723c751e8b465ee728b)  -> (artifact id: 'cbce982cb872c1e9574240e1ab138b17') in 0.044911 seconds 
========================================================================
Received Import Request.
  Time since last request: 0.000014 seconds.
  path: Assets/Sprites/UI/Light Brown Book/Inventory Book/Book Side Tabs/Appear/With icons/15.png
  artifactKey: Guid(6206a0b9f5e515e40b457158a0c0ed67) Importer(815301076,1909f56bfc062723c751e8b465ee728b)
Start importing Assets/Sprites/UI/Light Brown Book/Inventory Book/Book Side Tabs/Appear/With icons/15.png using Guid(6206a0b9f5e515e40b457158a0c0ed67) Importer(815301076,1909f56bfc062723c751e8b465ee728b)  -> (artifact id: '869cfb9dd60e4f53aeab341157970953') in 0.037520 seconds 
========================================================================
Received Import Request.
  Time since last request: 11.195180 seconds.
  path: Assets/Sprites/UI/Light Brown Book/Inventory Book/Book Side Tabs/Appear/Without icons/3.png
  artifactKey: Guid(40bcdcc7f6c210a459e6f9848dd7ee73) Importer(815301076,1909f56bfc062723c751e8b465ee728b)
Start importing Assets/Sprites/UI/Light Brown Book/Inventory Book/Book Side Tabs/Appear/Without icons/3.png using Guid(40bcdcc7f6c210a459e6f9848dd7ee73) Importer(815301076,1909f56bfc062723c751e8b465ee728b)  -> (artifact id: '8af9819cefc8453e9436b7f2ed583013') in 0.041464 seconds 
========================================================================
Received Import Request.
  Time since last request: 0.000015 seconds.
  path: Assets/Sprites/UI/Light Brown Book/Inventory Book/Book Side Tabs/Appear/Without icons/13.png
  artifactKey: Guid(baa3c3baffdb8024f80fe864f4921e51) Importer(815301076,1909f56bfc062723c751e8b465ee728b)
Start importing Assets/Sprites/UI/Light Brown Book/Inventory Book/Book Side Tabs/Appear/Without icons/13.png using Guid(baa3c3baffdb8024f80fe864f4921e51) Importer(815301076,1909f56bfc062723c751e8b465ee728b)  -> (artifact id: '1ed91bc233b963a4af7f4c51419e5511') in 0.045609 seconds 
========================================================================
Received Import Request.
  Time since last request: 0.000029 seconds.
  path: Assets/Sprites/UI/Light Brown Book/Inventory Book/Book Side Tabs/Appear/Without icons/10.png
  artifactKey: Guid(46d2d99c64c7a84439edec427a4ee9f5) Importer(815301076,1909f56bfc062723c751e8b465ee728b)
Start importing Assets/Sprites/UI/Light Brown Book/Inventory Book/Book Side Tabs/Appear/Without icons/10.png using Guid(46d2d99c64c7a84439edec427a4ee9f5) Importer(815301076,1909f56bfc062723c751e8b465ee728b)  -> (artifact id: '246b3e5d876b374b0a519e627a7c32f7') in 0.043090 seconds 
========================================================================
Received Import Request.
  Time since last request: 0.000017 seconds.
  path: Assets/Sprites/UI/Light Brown Book/Inventory Book/Book Side Tabs/Appear/Without icons/15.png
  artifactKey: Guid(89019381acb507f46b8cba77551aaeac) Importer(815301076,1909f56bfc062723c751e8b465ee728b)
Start importing Assets/Sprites/UI/Light Brown Book/Inventory Book/Book Side Tabs/Appear/Without icons/15.png using Guid(89019381acb507f46b8cba77551aaeac) Importer(815301076,1909f56bfc062723c751e8b465ee728b)  -> (artifact id: '6e27b875cb9d100525901daa930c7fb1') in 0.048626 seconds 
========================================================================
Received Import Request.
  Time since last request: 0.000025 seconds.
  path: Assets/Sprites/UI/Light Brown Book/Inventory Book/Book Side Tabs/Appear/Without icons/16.png
  artifactKey: Guid(355f3a724dc41ce47adcbcc72b09dfa4) Importer(815301076,1909f56bfc062723c751e8b465ee728b)
Start importing Assets/Sprites/UI/Light Brown Book/Inventory Book/Book Side Tabs/Appear/Without icons/16.png using Guid(355f3a724dc41ce47adcbcc72b09dfa4) Importer(815301076,1909f56bfc062723c751e8b465ee728b)  -> (artifact id: '9e9be41e842f30b8c1b50eb6a8efc27c') in 0.047156 seconds 
Editor requested this worker to shutdown with reason: Scaling down because of idle timeout
AssetImportWorker is now disconnected from the server
Process exiting
Exiting without the bug reporter. Application will terminate with return code 0