Using pre-set license
Built from '2021.3/staging' branch; Version is '2021.3.18f1 (3129e69bc0c7) revision 3221990'; Using compiler version '192829333'; Build Type 'Release'
OS: 'Windows 10  (10.0.19044) 64bit Core' Language: 'en' Physical Memory: 32718 MB
BatchMode: 1, IsHumanControllingUs: 0, StartBugReporterOnCrash: 0, Is64bit: 1, IsPro: 1

COMMAND LINE ARGUMENTS:
C:\Program Files\Unity\Hub\Editor\2021.3.18f1\Editor\Unity.exe
-adb2
-batchMode
-noUpm
-name
AssetImportWorker7
-projectPath
C:/Users/jake_/Game Dev/ProjectAlpha
-logFile
Logs/AssetImportWorker7.log
-srvPort
64995
Successfully changed project path to: C:/Users/jake_/Game Dev/ProjectAlpha
C:/Users/jake_/Game Dev/ProjectAlpha
[UnityMemory] Configuration Parameters - Can be set up in boot.config
    "memorysetup-bucket-allocator-granularity=16"
    "memorysetup-bucket-allocator-bucket-count=8"
    "memorysetup-bucket-allocator-block-size=33554432"
    "memorysetup-bucket-allocator-block-count=8"
    "memorysetup-main-allocator-block-size=16777216"
    "memorysetup-thread-allocator-block-size=16777216"
    "memorysetup-gfx-main-allocator-block-size=16777216"
    "memorysetup-gfx-thread-allocator-block-size=16777216"
    "memorysetup-cache-allocator-block-size=4194304"
    "memorysetup-typetree-allocator-block-size=2097152"
    "memorysetup-profiler-bucket-allocator-granularity=16"
    "memorysetup-profiler-bucket-allocator-bucket-count=8"
    "memorysetup-profiler-bucket-allocator-block-size=33554432"
    "memorysetup-profiler-bucket-allocator-block-count=8"
    "memorysetup-profiler-allocator-block-size=16777216"
    "memorysetup-profiler-editor-allocator-block-size=1048576"
    "memorysetup-temp-allocator-size-main=16777216"
    "memorysetup-job-temp-allocator-block-size=2097152"
    "memorysetup-job-temp-allocator-block-size-background=1048576"
    "memorysetup-job-temp-allocator-reduction-small-platforms=262144"
    "memorysetup-temp-allocator-size-background-worker=32768"
    "memorysetup-temp-allocator-size-job-worker=262144"
    "memorysetup-temp-allocator-size-preload-manager=33554432"
    "memorysetup-temp-allocator-size-nav-mesh-worker=65536"
    "memorysetup-temp-allocator-size-audio-worker=65536"
    "memorysetup-temp-allocator-size-cloud-worker=32768"
    "memorysetup-temp-allocator-size-gi-baking-worker=262144"
    "memorysetup-temp-allocator-size-gfx=262144"
Player connection [15896] Host "[IP] 192.168.0.150 [Port] 0 [Flags] 2 [Guid] 3452977145 [EditorId] 3452977145 [Version] 1048832 [Id] WindowsEditor(7,DESKTOP-PSBGKUK) [Debug] 1 [PackageName] WindowsEditor [ProjectName] Editor" joined multi-casting on [225.0.0.222:54997]...

Player connection [15896] Host "[IP] 192.168.0.150 [Port] 0 [Flags] 2 [Guid] 3452977145 [EditorId] 3452977145 [Version] 1048832 [Id] WindowsEditor(7,DESKTOP-PSBGKUK) [Debug] 1 [PackageName] WindowsEditor [ProjectName] Editor" joined alternative multi-casting on [225.0.0.222:34997]...

Refreshing native plugins compatible for Editor in 140.81 ms, found 3 plugins.
Preloading 0 native plugins for Editor in 0.00 ms.
Initialize engine version: 2021.3.18f1 (3129e69bc0c7)
[Subsystems] Discovering subsystems at path C:/Program Files/Unity/Hub/Editor/2021.3.18f1/Editor/Data/Resources/UnitySubsystems
[Subsystems] Discovering subsystems at path C:/Users/jake_/Game Dev/ProjectAlpha/Assets
GfxDevice: creating device client; threaded=0; jobified=0
Direct3D:
    Version:  Direct3D 11.0 [level 11.1]
    Renderer: NVIDIA GeForce RTX 3070 (ID=0x2488)
    Vendor:   NVIDIA
    VRAM:     8043 MB
    Driver:   31.0.15.2225
Initialize mono
Mono path[0] = 'C:/Program Files/Unity/Hub/Editor/2021.3.18f1/Editor/Data/Managed'
Mono path[1] = 'C:/Program Files/Unity/Hub/Editor/2021.3.18f1/Editor/Data/MonoBleedingEdge/lib/mono/unityjit-win32'
Mono config path = 'C:/Program Files/Unity/Hub/Editor/2021.3.18f1/Editor/Data/MonoBleedingEdge/etc'
Using monoOptions --debugger-agent=transport=dt_socket,embedding=1,server=y,suspend=n,address=127.0.0.1:56584
Begin MonoManager ReloadAssembly
Registering precompiled unity dll's ...
Register platform support module: C:/Program Files/Unity/Hub/Editor/2021.3.18f1/Editor/Data/PlaybackEngines/WindowsStandaloneSupport/UnityEditor.WindowsStandalone.Extensions.dll
Registered in 0.006488 seconds.
Native extension for WindowsStandalone target not found
Refreshing native plugins compatible for Editor in 111.39 ms, found 3 plugins.
Preloading 0 native plugins for Editor in 0.00 ms.
Mono: successfully reloaded assembly
- Completed reload, in  0.582 seconds
Domain Reload Profiling:
	ReloadAssembly (582ms)
		BeginReloadAssembly (60ms)
			ExecutionOrderSort (0ms)
			DisableScriptedObjects (0ms)
			BackupInstance (0ms)
			ReleaseScriptingObjects (0ms)
			CreateAndSetChildDomain (1ms)
		EndReloadAssembly (427ms)
			LoadAssemblies (58ms)
			RebuildTransferFunctionScriptingTraits (0ms)
			SetupTypeCache (88ms)
			ReleaseScriptCaches (0ms)
			RebuildScriptCaches (22ms)
			SetupLoadedEditorAssemblies (273ms)
				LogAssemblyErrors (0ms)
				InitializePlatformSupportModulesInManaged (7ms)
				SetLoadedEditorAssemblies (0ms)
				RefreshPlugins (111ms)
				BeforeProcessingInitializeOnLoad (1ms)
				ProcessInitializeOnLoadAttributes (116ms)
				ProcessInitializeOnLoadMethodAttributes (37ms)
				AfterProcessingInitializeOnLoad (0ms)
				EditorAssembliesLoaded (0ms)
			ExecutionOrderSort2 (0ms)
			AwakeInstancesAfterBackupRestoration (0ms)
Platform modules already initialized, skipping
Registering precompiled user dll's ...
Registered in 0.005004 seconds.
Begin MonoManager ReloadAssembly
Native extension for WindowsStandalone target not found
Refreshing native plugins compatible for Editor in 108.84 ms, found 3 plugins.
Preloading 0 native plugins for Editor in 0.00 ms.
Mono: successfully reloaded assembly
- Completed reload, in  1.041 seconds
Domain Reload Profiling:
	ReloadAssembly (1041ms)
		BeginReloadAssembly (94ms)
			ExecutionOrderSort (0ms)
			DisableScriptedObjects (5ms)
			BackupInstance (0ms)
			ReleaseScriptingObjects (0ms)
			CreateAndSetChildDomain (17ms)
		EndReloadAssembly (844ms)
			LoadAssemblies (67ms)
			RebuildTransferFunctionScriptingTraits (0ms)
			SetupTypeCache (175ms)
			ReleaseScriptCaches (1ms)
			RebuildScriptCaches (51ms)
			SetupLoadedEditorAssemblies (512ms)
				LogAssemblyErrors (0ms)
				InitializePlatformSupportModulesInManaged (4ms)
				SetLoadedEditorAssemblies (0ms)
				RefreshPlugins (109ms)
				BeforeProcessingInitializeOnLoad (73ms)
				ProcessInitializeOnLoadAttributes (227ms)
				ProcessInitializeOnLoadMethodAttributes (90ms)
				AfterProcessingInitializeOnLoad (8ms)
				EditorAssembliesLoaded (0ms)
			ExecutionOrderSort2 (0ms)
			AwakeInstancesAfterBackupRestoration (5ms)
Platform modules already initialized, skipping
========================================================================
Worker process is ready to serve import requests
Launched and connected shader compiler UnityShaderCompiler.exe after 0.03 seconds
Refreshing native plugins compatible for Editor in 1.48 ms, found 3 plugins.
Preloading 0 native plugins for Editor in 0.00 ms.
Unloading 3188 Unused Serialized files (Serialized files now loaded: 0)
Unloading 46 unused Assets / (1.3 MB). Loaded Objects now: 3643.
Memory consumption went from 152.0 MB to 150.7 MB.
Total: 3.010700 ms (FindLiveObjects: 0.258700 ms CreateObjectMapping: 0.080000 ms MarkObjects: 2.413800 ms  DeleteObjects: 0.257600 ms)

AssetImportParameters requested are different than current active one (requested -> active):
  custom:video-decoder-ogg-theora: a1e56fd34408186e4bbccfd4996cb3dc -> 
  custom:container-muxer-webm: aa71ff27fc2769a1b78a27578f13a17b -> 
  custom:container-demuxer-webm: 4f35f7cbe854078d1ac9338744f61a02 -> 
  custom:video-encoder-webm-vp8: eb34c28f22e8b96e1ab97ce403110664 -> 
  custom:audio-encoder-webm-vorbis: bf7c407c2cedff20999df2af8eb42d56 -> 
  custom:framework-win-MediaFoundation: 216162199b28c13a410421893ffa2e32 -> 
  custom:container-demuxer-ogg: 62fdf1f143b41e24485cea50d1cbac27 -> 
  custom:video-decoder-webm-vp8: 9c59270c3fd7afecdb556c50c9e8de78 -> 
  custom:audio-decoder-ogg-vorbis: bf7c407c2cedff20999df2af8eb42d56 -> 
========================================================================
Received Import Request.
  Time since last request: 306788.375356 seconds.
  path: Assets/Sprites/UI/Light Brown Book/Inventory Book/Book Side Tabs/Appear/Without icons/4.png
  artifactKey: Guid(67acef6cddff2154480f63360747900f) Importer(815301076,1909f56bfc062723c751e8b465ee728b)
Start importing Assets/Sprites/UI/Light Brown Book/Inventory Book/Book Side Tabs/Appear/Without icons/4.png using Guid(67acef6cddff2154480f63360747900f) Importer(815301076,1909f56bfc062723c751e8b465ee728b)  -> (artifact id: '7d570e28787903f20f1dda9c9b6cb42e') in 0.145883 seconds 
========================================================================
Received Import Request.
  Time since last request: 0.000027 seconds.
  path: Assets/Sprites/UI/Light Brown Book/Inventory Book/Book Side Tabs/Appear/Without icons/8.png
  artifactKey: Guid(d09e649ac3c61394f8aad4d094bc6040) Importer(815301076,1909f56bfc062723c751e8b465ee728b)
Start importing Assets/Sprites/UI/Light Brown Book/Inventory Book/Book Side Tabs/Appear/Without icons/8.png using Guid(d09e649ac3c61394f8aad4d094bc6040) Importer(815301076,1909f56bfc062723c751e8b465ee728b)  -> (artifact id: 'df0850f40e9a647c73654168310b4421') in 0.061407 seconds 
========================================================================
Received Import Request.
  Time since last request: 0.000026 seconds.
  path: Assets/Sprites/UI/Light Brown Book/Inventory Book/Book Side Tabs/Appear/Without icons/5.png
  artifactKey: Guid(35e44022e1fde86468197d207029a1a3) Importer(815301076,1909f56bfc062723c751e8b465ee728b)
Start importing Assets/Sprites/UI/Light Brown Book/Inventory Book/Book Side Tabs/Appear/Without icons/5.png using Guid(35e44022e1fde86468197d207029a1a3) Importer(815301076,1909f56bfc062723c751e8b465ee728b)  -> (artifact id: '571075406356947b60c754b8ef6e3ede') in 0.045751 seconds 
========================================================================
Received Import Request.
  Time since last request: 108.090784 seconds.
  path: Assets/Sprites/UI/Light Brown Book/Inventory Book/Book Side Tabs/Disappear/Without icons/2.png
  artifactKey: Guid(1403ed41849721f4b9722434242cac6b) Importer(815301076,1909f56bfc062723c751e8b465ee728b)
Start importing Assets/Sprites/UI/Light Brown Book/Inventory Book/Book Side Tabs/Disappear/Without icons/2.png using Guid(1403ed41849721f4b9722434242cac6b) Importer(815301076,1909f56bfc062723c751e8b465ee728b)  -> (artifact id: '8fd243f1dc10724867f85256031ac550') in 0.041653 seconds 
========================================================================
Received Import Request.
  Time since last request: 0.000022 seconds.
  path: Assets/Sprites/UI/Light Brown Book/Inventory Book/Book Side Tabs/Disappear/Without icons/15.png
  artifactKey: Guid(934c21418e84a85448ad8309505c653e) Importer(815301076,1909f56bfc062723c751e8b465ee728b)
Start importing Assets/Sprites/UI/Light Brown Book/Inventory Book/Book Side Tabs/Disappear/Without icons/15.png using Guid(934c21418e84a85448ad8309505c653e) Importer(815301076,1909f56bfc062723c751e8b465ee728b)  -> (artifact id: 'd232e803fc616061563ac489d0a5300d') in 0.044693 seconds 
========================================================================
Received Import Request.
  Time since last request: 0.000011 seconds.
  path: Assets/Sprites/UI/Light Brown Book/Inventory Book/Book Side Tabs/Disappear/Without icons/14.png
  artifactKey: Guid(7317f95ebedac2043984e632a74e0d91) Importer(815301076,1909f56bfc062723c751e8b465ee728b)
Start importing Assets/Sprites/UI/Light Brown Book/Inventory Book/Book Side Tabs/Disappear/Without icons/14.png using Guid(7317f95ebedac2043984e632a74e0d91) Importer(815301076,1909f56bfc062723c751e8b465ee728b)  -> (artifact id: '0f0ba66effbee8a701ec2e8ef46250da') in 0.046969 seconds 
========================================================================
Received Import Request.
  Time since last request: 0.000022 seconds.
  path: Assets/Sprites/UI/Light Brown Book/Inventory Book/Book Side Tabs/Disappear/Without icons/5.png
  artifactKey: Guid(840da55e237ccb049962ee7abba1a6c0) Importer(815301076,1909f56bfc062723c751e8b465ee728b)
Start importing Assets/Sprites/UI/Light Brown Book/Inventory Book/Book Side Tabs/Disappear/Without icons/5.png using Guid(840da55e237ccb049962ee7abba1a6c0) Importer(815301076,1909f56bfc062723c751e8b465ee728b)  -> (artifact id: '3549bea4df11e7b235ef1de07e3170e6') in 0.044510 seconds 
========================================================================
Received Import Request.
  Time since last request: 0.000027 seconds.
  path: Assets/Sprites/UI/Light Brown Book/Inventory Book/Book Side Tabs/Disappear/Without icons/3.png
  artifactKey: Guid(ee2b6b852c89a8a4aaed36f51b91eb2f) Importer(815301076,1909f56bfc062723c751e8b465ee728b)
Start importing Assets/Sprites/UI/Light Brown Book/Inventory Book/Book Side Tabs/Disappear/Without icons/3.png using Guid(ee2b6b852c89a8a4aaed36f51b91eb2f) Importer(815301076,1909f56bfc062723c751e8b465ee728b)  -> (artifact id: '5037607ddd63cb0b8001c0964061cc46') in 0.039382 seconds 
========================================================================
Received Import Request.
  Time since last request: 0.000015 seconds.
  path: Assets/Sprites/UI/Light Brown Book/Inventory Book/Book Side Tabs/Disappear/Without icons/10.png
  artifactKey: Guid(242f2346e5715054188969ba8772f299) Importer(815301076,1909f56bfc062723c751e8b465ee728b)
Start importing Assets/Sprites/UI/Light Brown Book/Inventory Book/Book Side Tabs/Disappear/Without icons/10.png using Guid(242f2346e5715054188969ba8772f299) Importer(815301076,1909f56bfc062723c751e8b465ee728b)  -> (artifact id: 'af8dffa8156e089c6eb43a0df330ddb1') in 0.042181 seconds 
========================================================================
Received Import Request.
  Time since last request: 0.000016 seconds.
  path: Assets/Sprites/UI/Light Brown Book/Inventory Book/Book Side Tabs/Disappear/Without icons/4.png
  artifactKey: Guid(db65f736500edfe4b88368ff153e4704) Importer(815301076,1909f56bfc062723c751e8b465ee728b)
Start importing Assets/Sprites/UI/Light Brown Book/Inventory Book/Book Side Tabs/Disappear/Without icons/4.png using Guid(db65f736500edfe4b88368ff153e4704) Importer(815301076,1909f56bfc062723c751e8b465ee728b)  -> (artifact id: '3c61970d328e85cfd1b8d6b869ce0485') in 0.040551 seconds 
========================================================================
Received Import Request.
  Time since last request: 0.000019 seconds.
  path: Assets/Sprites/UI/Light Brown Book/Inventory Book/Book Side Tabs/Disappear/Without icons/7.png
  artifactKey: Guid(018b8c08354c87b4eb13107f70121098) Importer(815301076,1909f56bfc062723c751e8b465ee728b)
Start importing Assets/Sprites/UI/Light Brown Book/Inventory Book/Book Side Tabs/Disappear/Without icons/7.png using Guid(018b8c08354c87b4eb13107f70121098) Importer(815301076,1909f56bfc062723c751e8b465ee728b)  -> (artifact id: '1aaf17d4e0e97b28cacb0802a9eaadcc') in 0.042036 seconds 
Editor requested this worker to shutdown with reason: Scaling down because of idle timeout
AssetImportWorker is now disconnected from the server
Process exiting
Exiting without the bug reporter. Application will terminate with return code 0