Using pre-set license
Built from '2021.3/staging' branch; Version is '2021.3.18f1 (3129e69bc0c7) revision 3221990'; Using compiler version '192829333'; Build Type 'Release'
OS: 'Windows 10  (10.0.19044) 64bit Core' Language: 'en' Physical Memory: 32718 MB
BatchMode: 1, IsHumanControllingUs: 0, StartBugReporterOnCrash: 0, Is64bit: 1, IsPro: 1

COMMAND LINE ARGUMENTS:
C:\Program Files\Unity\Hub\Editor\2021.3.18f1\Editor\Unity.exe
-adb2
-batchMode
-noUpm
-name
AssetImportWorker13
-projectPath
C:/Users/jake_/Game Dev/ProjectAlpha
-logFile
Logs/AssetImportWorker13.log
-srvPort
64995
Successfully changed project path to: C:/Users/jake_/Game Dev/ProjectAlpha
C:/Users/jake_/Game Dev/ProjectAlpha
[UnityMemory] Configuration Parameters - Can be set up in boot.config
    "memorysetup-bucket-allocator-granularity=16"
    "memorysetup-bucket-allocator-bucket-count=8"
    "memorysetup-bucket-allocator-block-size=33554432"
    "memorysetup-bucket-allocator-block-count=8"
    "memorysetup-main-allocator-block-size=16777216"
    "memorysetup-thread-allocator-block-size=16777216"
    "memorysetup-gfx-main-allocator-block-size=16777216"
    "memorysetup-gfx-thread-allocator-block-size=16777216"
    "memorysetup-cache-allocator-block-size=4194304"
    "memorysetup-typetree-allocator-block-size=2097152"
    "memorysetup-profiler-bucket-allocator-granularity=16"
    "memorysetup-profiler-bucket-allocator-bucket-count=8"
    "memorysetup-profiler-bucket-allocator-block-size=33554432"
    "memorysetup-profiler-bucket-allocator-block-count=8"
    "memorysetup-profiler-allocator-block-size=16777216"
    "memorysetup-profiler-editor-allocator-block-size=1048576"
    "memorysetup-temp-allocator-size-main=16777216"
    "memorysetup-job-temp-allocator-block-size=2097152"
    "memorysetup-job-temp-allocator-block-size-background=1048576"
    "memorysetup-job-temp-allocator-reduction-small-platforms=262144"
    "memorysetup-temp-allocator-size-background-worker=32768"
    "memorysetup-temp-allocator-size-job-worker=262144"
    "memorysetup-temp-allocator-size-preload-manager=33554432"
    "memorysetup-temp-allocator-size-nav-mesh-worker=65536"
    "memorysetup-temp-allocator-size-audio-worker=65536"
    "memorysetup-temp-allocator-size-cloud-worker=32768"
    "memorysetup-temp-allocator-size-gi-baking-worker=262144"
    "memorysetup-temp-allocator-size-gfx=262144"
Player connection [17084] Host "[IP] 192.168.0.150 [Port] 0 [Flags] 2 [Guid] 1210234850 [EditorId] 1210234850 [Version] 1048832 [Id] WindowsEditor(7,DESKTOP-PSBGKUK) [Debug] 1 [PackageName] WindowsEditor [ProjectName] Editor" joined multi-casting on [225.0.0.222:54997]...

Player connection [17084] Host "[IP] 192.168.0.150 [Port] 0 [Flags] 2 [Guid] 1210234850 [EditorId] 1210234850 [Version] 1048832 [Id] WindowsEditor(7,DESKTOP-PSBGKUK) [Debug] 1 [PackageName] WindowsEditor [ProjectName] Editor" joined alternative multi-casting on [225.0.0.222:34997]...

Refreshing native plugins compatible for Editor in 130.70 ms, found 3 plugins.
Preloading 0 native plugins for Editor in 0.00 ms.
Initialize engine version: 2021.3.18f1 (3129e69bc0c7)
[Subsystems] Discovering subsystems at path C:/Program Files/Unity/Hub/Editor/2021.3.18f1/Editor/Data/Resources/UnitySubsystems
[Subsystems] Discovering subsystems at path C:/Users/jake_/Game Dev/ProjectAlpha/Assets
GfxDevice: creating device client; threaded=0; jobified=0
Direct3D:
    Version:  Direct3D 11.0 [level 11.1]
    Renderer: NVIDIA GeForce RTX 3070 (ID=0x2488)
    Vendor:   NVIDIA
    VRAM:     8043 MB
    Driver:   31.0.15.2225
Initialize mono
Mono path[0] = 'C:/Program Files/Unity/Hub/Editor/2021.3.18f1/Editor/Data/Managed'
Mono path[1] = 'C:/Program Files/Unity/Hub/Editor/2021.3.18f1/Editor/Data/MonoBleedingEdge/lib/mono/unityjit-win32'
Mono config path = 'C:/Program Files/Unity/Hub/Editor/2021.3.18f1/Editor/Data/MonoBleedingEdge/etc'
Using monoOptions --debugger-agent=transport=dt_socket,embedding=1,server=y,suspend=n,address=127.0.0.1:56236
Begin MonoManager ReloadAssembly
Registering precompiled unity dll's ...
Register platform support module: C:/Program Files/Unity/Hub/Editor/2021.3.18f1/Editor/Data/PlaybackEngines/WindowsStandaloneSupport/UnityEditor.WindowsStandalone.Extensions.dll
Registered in 0.006949 seconds.
Native extension for WindowsStandalone target not found
Refreshing native plugins compatible for Editor in 113.62 ms, found 3 plugins.
Preloading 0 native plugins for Editor in 0.00 ms.
Mono: successfully reloaded assembly
- Completed reload, in  0.591 seconds
Domain Reload Profiling:
	ReloadAssembly (591ms)
		BeginReloadAssembly (63ms)
			ExecutionOrderSort (0ms)
			DisableScriptedObjects (0ms)
			BackupInstance (0ms)
			ReleaseScriptingObjects (0ms)
			CreateAndSetChildDomain (1ms)
		EndReloadAssembly (429ms)
			LoadAssemblies (61ms)
			RebuildTransferFunctionScriptingTraits (0ms)
			SetupTypeCache (86ms)
			ReleaseScriptCaches (0ms)
			RebuildScriptCaches (23ms)
			SetupLoadedEditorAssemblies (275ms)
				LogAssemblyErrors (0ms)
				InitializePlatformSupportModulesInManaged (7ms)
				SetLoadedEditorAssemblies (0ms)
				RefreshPlugins (114ms)
				BeforeProcessingInitializeOnLoad (1ms)
				ProcessInitializeOnLoadAttributes (116ms)
				ProcessInitializeOnLoadMethodAttributes (37ms)
				AfterProcessingInitializeOnLoad (0ms)
				EditorAssembliesLoaded (0ms)
			ExecutionOrderSort2 (0ms)
			AwakeInstancesAfterBackupRestoration (0ms)
Platform modules already initialized, skipping
Registering precompiled user dll's ...
Registered in 0.004897 seconds.
Begin MonoManager ReloadAssembly
Native extension for WindowsStandalone target not found
Refreshing native plugins compatible for Editor in 116.72 ms, found 3 plugins.
Preloading 0 native plugins for Editor in 0.00 ms.
Mono: successfully reloaded assembly
- Completed reload, in  1.086 seconds
Domain Reload Profiling:
	ReloadAssembly (1086ms)
		BeginReloadAssembly (92ms)
			ExecutionOrderSort (0ms)
			DisableScriptedObjects (5ms)
			BackupInstance (0ms)
			ReleaseScriptingObjects (0ms)
			CreateAndSetChildDomain (16ms)
		EndReloadAssembly (890ms)
			LoadAssemblies (67ms)
			RebuildTransferFunctionScriptingTraits (0ms)
			SetupTypeCache (181ms)
			ReleaseScriptCaches (1ms)
			RebuildScriptCaches (54ms)
			SetupLoadedEditorAssemblies (540ms)
				LogAssemblyErrors (0ms)
				InitializePlatformSupportModulesInManaged (4ms)
				SetLoadedEditorAssemblies (0ms)
				RefreshPlugins (117ms)
				BeforeProcessingInitializeOnLoad (79ms)
				ProcessInitializeOnLoadAttributes (240ms)
				ProcessInitializeOnLoadMethodAttributes (91ms)
				AfterProcessingInitializeOnLoad (9ms)
				EditorAssembliesLoaded (0ms)
			ExecutionOrderSort2 (0ms)
			AwakeInstancesAfterBackupRestoration (5ms)
Platform modules already initialized, skipping
========================================================================
Worker process is ready to serve import requests
Launched and connected shader compiler UnityShaderCompiler.exe after 0.03 seconds
Refreshing native plugins compatible for Editor in 1.52 ms, found 3 plugins.
Preloading 0 native plugins for Editor in 0.00 ms.
Unloading 3188 Unused Serialized files (Serialized files now loaded: 0)
Unloading 46 unused Assets / (1.3 MB). Loaded Objects now: 3643.
Memory consumption went from 152.0 MB to 150.7 MB.
Total: 3.313200 ms (FindLiveObjects: 0.257400 ms CreateObjectMapping: 0.082000 ms MarkObjects: 2.700500 ms  DeleteObjects: 0.272400 ms)

AssetImportParameters requested are different than current active one (requested -> active):
  custom:video-decoder-ogg-theora: a1e56fd34408186e4bbccfd4996cb3dc -> 
  custom:container-muxer-webm: aa71ff27fc2769a1b78a27578f13a17b -> 
  custom:container-demuxer-webm: 4f35f7cbe854078d1ac9338744f61a02 -> 
  custom:video-encoder-webm-vp8: eb34c28f22e8b96e1ab97ce403110664 -> 
  custom:audio-encoder-webm-vorbis: bf7c407c2cedff20999df2af8eb42d56 -> 
  custom:framework-win-MediaFoundation: 216162199b28c13a410421893ffa2e32 -> 
  custom:container-demuxer-ogg: 62fdf1f143b41e24485cea50d1cbac27 -> 
  custom:video-decoder-webm-vp8: 9c59270c3fd7afecdb556c50c9e8de78 -> 
  custom:audio-decoder-ogg-vorbis: bf7c407c2cedff20999df2af8eb42d56 -> 
========================================================================
Received Import Request.
  Time since last request: 307732.130567 seconds.
  path: Assets/Sprites/UI/Light Brown Book/Inventory Book/Book Idle/Idle.png
  artifactKey: Guid(52679951cae4b634b96003fdd2c1d750) Importer(815301076,1909f56bfc062723c751e8b465ee728b)
Start importing Assets/Sprites/UI/Light Brown Book/Inventory Book/Book Idle/Idle.png using Guid(52679951cae4b634b96003fdd2c1d750) Importer(815301076,1909f56bfc062723c751e8b465ee728b)  -> (artifact id: 'd5e44e5965b1b4763c3a07f80e8f8ce0') in 0.143015 seconds 
========================================================================
Received Import Request.
  Time since last request: 196.502343 seconds.
  path: Assets/Sprites/UI/Light Brown Book/Inventory Book/Book Side Tabs/Active Tabs/Idle.png
  artifactKey: Guid(443f8ab18b4cd9c4b98505027f890269) Importer(815301076,1909f56bfc062723c751e8b465ee728b)
Start importing Assets/Sprites/UI/Light Brown Book/Inventory Book/Book Side Tabs/Active Tabs/Idle.png using Guid(443f8ab18b4cd9c4b98505027f890269) Importer(815301076,1909f56bfc062723c751e8b465ee728b)  -> (artifact id: '586f5e25a4702a0830c63fc4e4332f47') in 0.034966 seconds 
========================================================================
Received Import Request.
  Time since last request: 58.887325 seconds.
  path: Assets/Sprites/UI/Light Brown Book/Inventory Book/Book Side Tabs/Active Tabs/First Tab.png
  artifactKey: Guid(f2496c9bba563f2419bfae804544c11f) Importer(815301076,1909f56bfc062723c751e8b465ee728b)
Start importing Assets/Sprites/UI/Light Brown Book/Inventory Book/Book Side Tabs/Active Tabs/First Tab.png using Guid(f2496c9bba563f2419bfae804544c11f) Importer(815301076,1909f56bfc062723c751e8b465ee728b)  -> (artifact id: '6c7a32f7ece1a6d21bfa88496df14137') in 0.038698 seconds 
========================================================================
Received Import Request.
  Time since last request: 5.128800 seconds.
  path: Assets/Sprites/UI/Light Brown Book/Inventory Book/Book Side Tabs/Active Tabs/Second Tab.png
  artifactKey: Guid(844fd02574f4aaf4e87ab90f54b6e906) Importer(815301076,1909f56bfc062723c751e8b465ee728b)
Start importing Assets/Sprites/UI/Light Brown Book/Inventory Book/Book Side Tabs/Active Tabs/Second Tab.png using Guid(844fd02574f4aaf4e87ab90f54b6e906) Importer(815301076,1909f56bfc062723c751e8b465ee728b)  -> (artifact id: '6a1c4448b02c21011afb18848a4d6f10') in 0.038761 seconds 
========================================================================
Received Import Request.
  Time since last request: 4.109217 seconds.
  path: Assets/Sprites/UI/Light Brown Book/Inventory Book/Book Side Tabs/Active Tabs/Third Tab.png
  artifactKey: Guid(e0ede17d08b3bd1468bbfc65f5573824) Importer(815301076,1909f56bfc062723c751e8b465ee728b)
Start importing Assets/Sprites/UI/Light Brown Book/Inventory Book/Book Side Tabs/Active Tabs/Third Tab.png using Guid(e0ede17d08b3bd1468bbfc65f5573824) Importer(815301076,1909f56bfc062723c751e8b465ee728b)  -> (artifact id: '6ae97a7a4dd752def44594d0278a19ce') in 0.037642 seconds 
========================================================================
Received Import Request.
  Time since last request: 4.186420 seconds.
  path: Assets/Sprites/UI/Light Brown Book/Inventory Book/Book Side Tabs/Active Tabs/Fourth Tab.png
  artifactKey: Guid(b841cd959b2e4ce4a8011ea54d7e7740) Importer(815301076,1909f56bfc062723c751e8b465ee728b)
Start importing Assets/Sprites/UI/Light Brown Book/Inventory Book/Book Side Tabs/Active Tabs/Fourth Tab.png using Guid(b841cd959b2e4ce4a8011ea54d7e7740) Importer(815301076,1909f56bfc062723c751e8b465ee728b)  -> (artifact id: '7e7eb8e7bb1144e2086879c4041e0584') in 0.033253 seconds 
========================================================================
Received Import Request.
  Time since last request: 4.374360 seconds.
  path: Assets/Sprites/UI/Light Brown Book/Inventory Book/Book Side Tabs/Active Tabs/Fifth Tab.png
  artifactKey: Guid(48730c88ce7dbcb469e1a0bef63a7f05) Importer(815301076,1909f56bfc062723c751e8b465ee728b)
Start importing Assets/Sprites/UI/Light Brown Book/Inventory Book/Book Side Tabs/Active Tabs/Fifth Tab.png using Guid(48730c88ce7dbcb469e1a0bef63a7f05) Importer(815301076,1909f56bfc062723c751e8b465ee728b)  -> (artifact id: 'd50e5ddb6d985421b7968493757ad782') in 0.038000 seconds 
========================================================================
Received Import Request.
  Time since last request: 4.043576 seconds.
  path: Assets/Sprites/UI/Light Brown Book/Inventory Book/Book Side Tabs/Active Tabs/Sixth Tab.png
  artifactKey: Guid(f641950b8d058064c9eef4f781aba068) Importer(815301076,1909f56bfc062723c751e8b465ee728b)
Start importing Assets/Sprites/UI/Light Brown Book/Inventory Book/Book Side Tabs/Active Tabs/Sixth Tab.png using Guid(f641950b8d058064c9eef4f781aba068) Importer(815301076,1909f56bfc062723c751e8b465ee728b)  -> (artifact id: 'e0ca854f19130ba3fff47647baf2ea3a') in 0.035204 seconds 
========================================================================
Received Import Request.
  Time since last request: 82.400034 seconds.
  path: Assets/Sprites/UI/Light Brown Book/Inventory Book/Book Side Tabs/Appear/23.png
  artifactKey: Guid(c2612389f692244478e11e9b2c553ed1) Importer(815301076,1909f56bfc062723c751e8b465ee728b)
Start importing Assets/Sprites/UI/Light Brown Book/Inventory Book/Book Side Tabs/Appear/23.png using Guid(c2612389f692244478e11e9b2c553ed1) Importer(815301076,1909f56bfc062723c751e8b465ee728b)  -> (artifact id: '1246aec2edcc9c22524cfeadcc0e13e7') in 0.036755 seconds 
========================================================================
Received Import Request.
  Time since last request: 2.092186 seconds.
  path: Assets/Sprites/UI/Light Brown Book/Inventory Book/Book Side Tabs/Appear/22.png
  artifactKey: Guid(355f3a724dc41ce47adcbcc72b09dfa4) Importer(815301076,1909f56bfc062723c751e8b465ee728b)
Start importing Assets/Sprites/UI/Light Brown Book/Inventory Book/Book Side Tabs/Appear/22.png using Guid(355f3a724dc41ce47adcbcc72b09dfa4) Importer(815301076,1909f56bfc062723c751e8b465ee728b)  -> (artifact id: 'f6f9fd2f258351038be741cd0b8ce991') in 0.036472 seconds 
========================================================================
Received Import Request.
  Time since last request: 1.711838 seconds.
  path: Assets/Sprites/UI/Light Brown Book/Inventory Book/Book Side Tabs/Appear/21.png
  artifactKey: Guid(89019381acb507f46b8cba77551aaeac) Importer(815301076,1909f56bfc062723c751e8b465ee728b)
Start importing Assets/Sprites/UI/Light Brown Book/Inventory Book/Book Side Tabs/Appear/21.png using Guid(89019381acb507f46b8cba77551aaeac) Importer(815301076,1909f56bfc062723c751e8b465ee728b)  -> (artifact id: '13e95a1c96aa56cfffe61f21e9ca73f6') in 0.039806 seconds 
========================================================================
Received Import Request.
  Time since last request: 1.708507 seconds.
  path: Assets/Sprites/UI/Light Brown Book/Inventory Book/Book Side Tabs/Appear/20.png
  artifactKey: Guid(31ae3cc7829612045bbbcf829842ded3) Importer(815301076,1909f56bfc062723c751e8b465ee728b)
Start importing Assets/Sprites/UI/Light Brown Book/Inventory Book/Book Side Tabs/Appear/20.png using Guid(31ae3cc7829612045bbbcf829842ded3) Importer(815301076,1909f56bfc062723c751e8b465ee728b)  -> (artifact id: 'ae87906e11f8f8d26b35ae1f28fce451') in 0.039710 seconds 
========================================================================
Received Import Request.
  Time since last request: 2.053827 seconds.
  path: Assets/Sprites/UI/Light Brown Book/Inventory Book/Book Side Tabs/Appear/19.png
  artifactKey: Guid(baa3c3baffdb8024f80fe864f4921e51) Importer(815301076,1909f56bfc062723c751e8b465ee728b)
Start importing Assets/Sprites/UI/Light Brown Book/Inventory Book/Book Side Tabs/Appear/19.png using Guid(baa3c3baffdb8024f80fe864f4921e51) Importer(815301076,1909f56bfc062723c751e8b465ee728b)  -> (artifact id: '2a86fb620321178b4cb86575331ab542') in 0.038824 seconds 
========================================================================
Received Import Request.
  Time since last request: 2.641438 seconds.
  path: Assets/Sprites/UI/Light Brown Book/Inventory Book/Book Side Tabs/Appear/18.png
  artifactKey: Guid(67b07a6db46d0c94f82aee07c9d948c6) Importer(815301076,1909f56bfc062723c751e8b465ee728b)
Start importing Assets/Sprites/UI/Light Brown Book/Inventory Book/Book Side Tabs/Appear/18.png using Guid(67b07a6db46d0c94f82aee07c9d948c6) Importer(815301076,1909f56bfc062723c751e8b465ee728b)  -> (artifact id: '1575ee8110cfc325d9b30bd2695d583d') in 0.045917 seconds 
========================================================================
Received Import Request.
  Time since last request: 2.722025 seconds.
  path: Assets/Sprites/UI/Light Brown Book/Inventory Book/Book Side Tabs/Appear/17.png
  artifactKey: Guid(59b30d38d9830af428ec3d16b27825d9) Importer(815301076,1909f56bfc062723c751e8b465ee728b)
Start importing Assets/Sprites/UI/Light Brown Book/Inventory Book/Book Side Tabs/Appear/17.png using Guid(59b30d38d9830af428ec3d16b27825d9) Importer(815301076,1909f56bfc062723c751e8b465ee728b)  -> (artifact id: '7b289bcc384c4598cab86f34ebf57b02') in 0.034778 seconds 
========================================================================
Received Import Request.
  Time since last request: 2.906393 seconds.
  path: Assets/Sprites/UI/Light Brown Book/Inventory Book/Book Side Tabs/Appear/16.png
  artifactKey: Guid(46d2d99c64c7a84439edec427a4ee9f5) Importer(815301076,1909f56bfc062723c751e8b465ee728b)
Start importing Assets/Sprites/UI/Light Brown Book/Inventory Book/Book Side Tabs/Appear/16.png using Guid(46d2d99c64c7a84439edec427a4ee9f5) Importer(815301076,1909f56bfc062723c751e8b465ee728b)  -> (artifact id: 'dd6dbb79e3401a1fa3cec11847494c81') in 0.039466 seconds 
========================================================================
Received Import Request.
  Time since last request: 1.610082 seconds.
  path: Assets/Sprites/UI/Light Brown Book/Inventory Book/Book Side Tabs/Appear/15.png
  artifactKey: Guid(9cd30ec9f524dd3409d9222971951e4a) Importer(815301076,1909f56bfc062723c751e8b465ee728b)
Start importing Assets/Sprites/UI/Light Brown Book/Inventory Book/Book Side Tabs/Appear/15.png using Guid(9cd30ec9f524dd3409d9222971951e4a) Importer(815301076,1909f56bfc062723c751e8b465ee728b)  -> (artifact id: '0f059aa352669cd4da7c1239bd46b7e3') in 0.038619 seconds 
========================================================================
Received Import Request.
  Time since last request: 1.807400 seconds.
  path: Assets/Sprites/UI/Light Brown Book/Inventory Book/Book Side Tabs/Appear/14.png
  artifactKey: Guid(d09e649ac3c61394f8aad4d094bc6040) Importer(815301076,1909f56bfc062723c751e8b465ee728b)
Start importing Assets/Sprites/UI/Light Brown Book/Inventory Book/Book Side Tabs/Appear/14.png using Guid(d09e649ac3c61394f8aad4d094bc6040) Importer(815301076,1909f56bfc062723c751e8b465ee728b)  -> (artifact id: '7171e5e149e53507e2a7ae6900d4f3f1') in 0.042165 seconds 
========================================================================
Received Import Request.
  Time since last request: 1.648181 seconds.
  path: Assets/Sprites/UI/Light Brown Book/Inventory Book/Book Side Tabs/Appear/13.png
  artifactKey: Guid(5766d8a1e85a02f4694988a0aca70eda) Importer(815301076,1909f56bfc062723c751e8b465ee728b)
Start importing Assets/Sprites/UI/Light Brown Book/Inventory Book/Book Side Tabs/Appear/13.png using Guid(5766d8a1e85a02f4694988a0aca70eda) Importer(815301076,1909f56bfc062723c751e8b465ee728b)  -> (artifact id: '071bf39555b417e2406011b23c05a958') in 0.038480 seconds 
========================================================================
Received Import Request.
  Time since last request: 1.542511 seconds.
  path: Assets/Sprites/UI/Light Brown Book/Inventory Book/Book Side Tabs/Appear/12.png
  artifactKey: Guid(d2eacfa0d8212994cadfd24d39c5df0f) Importer(815301076,1909f56bfc062723c751e8b465ee728b)
Start importing Assets/Sprites/UI/Light Brown Book/Inventory Book/Book Side Tabs/Appear/12.png using Guid(d2eacfa0d8212994cadfd24d39c5df0f) Importer(815301076,1909f56bfc062723c751e8b465ee728b)  -> (artifact id: '891b4c0c7c7e3f743ca49c5c6f0f76dd') in 0.034276 seconds 
========================================================================
Received Import Request.
  Time since last request: 1.420294 seconds.
  path: Assets/Sprites/UI/Light Brown Book/Inventory Book/Book Side Tabs/Appear/11.png
  artifactKey: Guid(35e44022e1fde86468197d207029a1a3) Importer(815301076,1909f56bfc062723c751e8b465ee728b)
Start importing Assets/Sprites/UI/Light Brown Book/Inventory Book/Book Side Tabs/Appear/11.png using Guid(35e44022e1fde86468197d207029a1a3) Importer(815301076,1909f56bfc062723c751e8b465ee728b)  -> (artifact id: 'b86679ba283455a2fa12085711d684f2') in 0.041096 seconds 
========================================================================
Received Import Request.
  Time since last request: 1.968939 seconds.
  path: Assets/Sprites/UI/Light Brown Book/Inventory Book/Book Side Tabs/Appear/10.png
  artifactKey: Guid(67acef6cddff2154480f63360747900f) Importer(815301076,1909f56bfc062723c751e8b465ee728b)
Start importing Assets/Sprites/UI/Light Brown Book/Inventory Book/Book Side Tabs/Appear/10.png using Guid(67acef6cddff2154480f63360747900f) Importer(815301076,1909f56bfc062723c751e8b465ee728b)  -> (artifact id: 'e717313f0a42e5528e320ed631047918') in 0.033146 seconds 
========================================================================
Received Import Request.
  Time since last request: 1.716076 seconds.
  path: Assets/Sprites/UI/Light Brown Book/Inventory Book/Book Side Tabs/Appear/9.png
  artifactKey: Guid(40bcdcc7f6c210a459e6f9848dd7ee73) Importer(815301076,1909f56bfc062723c751e8b465ee728b)
Start importing Assets/Sprites/UI/Light Brown Book/Inventory Book/Book Side Tabs/Appear/9.png using Guid(40bcdcc7f6c210a459e6f9848dd7ee73) Importer(815301076,1909f56bfc062723c751e8b465ee728b)  -> (artifact id: 'b91eb37c63ecb43a85d82dd94d0c091e') in 0.054968 seconds 
========================================================================
Received Import Request.
  Time since last request: 1.635686 seconds.
  path: Assets/Sprites/UI/Light Brown Book/Inventory Book/Book Side Tabs/Appear/8.png
  artifactKey: Guid(d485647c3f87c0f4aa43b0e6061d4965) Importer(815301076,1909f56bfc062723c751e8b465ee728b)
Start importing Assets/Sprites/UI/Light Brown Book/Inventory Book/Book Side Tabs/Appear/8.png using Guid(d485647c3f87c0f4aa43b0e6061d4965) Importer(815301076,1909f56bfc062723c751e8b465ee728b)  -> (artifact id: '961beb6f810e4761c86c49f88f220b99') in 0.036147 seconds 
========================================================================
Received Import Request.
  Time since last request: 1.489155 seconds.
  path: Assets/Sprites/UI/Light Brown Book/Inventory Book/Book Side Tabs/Appear/7.png
  artifactKey: Guid(ef8a1b6f9f70fa94282badab69a15ae1) Importer(815301076,1909f56bfc062723c751e8b465ee728b)
Start importing Assets/Sprites/UI/Light Brown Book/Inventory Book/Book Side Tabs/Appear/7.png using Guid(ef8a1b6f9f70fa94282badab69a15ae1) Importer(815301076,1909f56bfc062723c751e8b465ee728b)  -> (artifact id: '3b70dd6773e56d5aa01f9035dc6bb2ea') in 0.037033 seconds 
========================================================================
Received Import Request.
  Time since last request: 27.393973 seconds.
  path: Assets/Sprites/UI/Light Brown Book/Inventory Book/Book Open/6.png
  artifactKey: Guid(ef8a1b6f9f70fa94282badab69a15ae1) Importer(815301076,1909f56bfc062723c751e8b465ee728b)
Start importing Assets/Sprites/UI/Light Brown Book/Inventory Book/Book Open/6.png using Guid(ef8a1b6f9f70fa94282badab69a15ae1) Importer(815301076,1909f56bfc062723c751e8b465ee728b)  -> (artifact id: '69b695b7d499ad213340e3fb686ab1b9') in 0.039648 seconds 
========================================================================
Received Import Request.
  Time since last request: 3.076740 seconds.
  path: Assets/Sprites/UI/Light Brown Book/Inventory Book/Book Open/7.png
  artifactKey: Guid(d485647c3f87c0f4aa43b0e6061d4965) Importer(815301076,1909f56bfc062723c751e8b465ee728b)
Start importing Assets/Sprites/UI/Light Brown Book/Inventory Book/Book Open/7.png using Guid(d485647c3f87c0f4aa43b0e6061d4965) Importer(815301076,1909f56bfc062723c751e8b465ee728b)  -> (artifact id: '5c94583611e504f1b37a18fd961fef8f') in 0.037782 seconds 
========================================================================
Received Import Request.
  Time since last request: 1.879130 seconds.
  path: Assets/Sprites/UI/Light Brown Book/Inventory Book/Book Open/8.png
  artifactKey: Guid(40bcdcc7f6c210a459e6f9848dd7ee73) Importer(815301076,1909f56bfc062723c751e8b465ee728b)
Start importing Assets/Sprites/UI/Light Brown Book/Inventory Book/Book Open/8.png using Guid(40bcdcc7f6c210a459e6f9848dd7ee73) Importer(815301076,1909f56bfc062723c751e8b465ee728b)  -> (artifact id: '5a7769a05f661c74759ffca7903e39eb') in 0.033073 seconds 
========================================================================
Received Import Request.
  Time since last request: 1.495799 seconds.
  path: Assets/Sprites/UI/Light Brown Book/Inventory Book/Book Open/9.png
  artifactKey: Guid(67acef6cddff2154480f63360747900f) Importer(815301076,1909f56bfc062723c751e8b465ee728b)
Start importing Assets/Sprites/UI/Light Brown Book/Inventory Book/Book Open/9.png using Guid(67acef6cddff2154480f63360747900f) Importer(815301076,1909f56bfc062723c751e8b465ee728b)  -> (artifact id: 'e88075f3c692dc242df795ac1f2c372b') in 0.034769 seconds 
========================================================================
Received Import Request.
  Time since last request: 2.573158 seconds.
  path: Assets/Sprites/UI/Light Brown Book/Inventory Book/Book Open/10.png
  artifactKey: Guid(35e44022e1fde86468197d207029a1a3) Importer(815301076,1909f56bfc062723c751e8b465ee728b)
Start importing Assets/Sprites/UI/Light Brown Book/Inventory Book/Book Open/10.png using Guid(35e44022e1fde86468197d207029a1a3) Importer(815301076,1909f56bfc062723c751e8b465ee728b)  -> (artifact id: '20440450195ef3fe8048784518ff86c3') in 0.038066 seconds 
========================================================================
Received Import Request.
  Time since last request: 1.707878 seconds.
  path: Assets/Sprites/UI/Light Brown Book/Inventory Book/Book Open/11.png
  artifactKey: Guid(d2eacfa0d8212994cadfd24d39c5df0f) Importer(815301076,1909f56bfc062723c751e8b465ee728b)
Start importing Assets/Sprites/UI/Light Brown Book/Inventory Book/Book Open/11.png using Guid(d2eacfa0d8212994cadfd24d39c5df0f) Importer(815301076,1909f56bfc062723c751e8b465ee728b)  -> (artifact id: '13502578707123164b953d6323ee5cef') in 0.037045 seconds 
========================================================================
Received Import Request.
  Time since last request: 1.423994 seconds.
  path: Assets/Sprites/UI/Light Brown Book/Inventory Book/Book Open/12.png
  artifactKey: Guid(5766d8a1e85a02f4694988a0aca70eda) Importer(815301076,1909f56bfc062723c751e8b465ee728b)
Start importing Assets/Sprites/UI/Light Brown Book/Inventory Book/Book Open/12.png using Guid(5766d8a1e85a02f4694988a0aca70eda) Importer(815301076,1909f56bfc062723c751e8b465ee728b)  -> (artifact id: '0a310fc07a3e52f8d8df37ae5833aa1f') in 0.036374 seconds 
========================================================================
Received Import Request.
  Time since last request: 1.468865 seconds.
  path: Assets/Sprites/UI/Light Brown Book/Inventory Book/Book Open/13.png
  artifactKey: Guid(d09e649ac3c61394f8aad4d094bc6040) Importer(815301076,1909f56bfc062723c751e8b465ee728b)
Start importing Assets/Sprites/UI/Light Brown Book/Inventory Book/Book Open/13.png using Guid(d09e649ac3c61394f8aad4d094bc6040) Importer(815301076,1909f56bfc062723c751e8b465ee728b)  -> (artifact id: '413d63fda74c128a1d76ff2e6f90e364') in 0.037833 seconds 
========================================================================
Received Import Request.
  Time since last request: 2.345423 seconds.
  path: Assets/Sprites/UI/Light Brown Book/Inventory Book/Book Open/14.png
  artifactKey: Guid(9cd30ec9f524dd3409d9222971951e4a) Importer(815301076,1909f56bfc062723c751e8b465ee728b)
Start importing Assets/Sprites/UI/Light Brown Book/Inventory Book/Book Open/14.png using Guid(9cd30ec9f524dd3409d9222971951e4a) Importer(815301076,1909f56bfc062723c751e8b465ee728b)  -> (artifact id: '0a4156a74449de50fa343a24d68aab58') in 0.037351 seconds 
========================================================================
Received Import Request.
  Time since last request: 1.311884 seconds.
  path: Assets/Sprites/UI/Light Brown Book/Inventory Book/Book Open/15.png
  artifactKey: Guid(46d2d99c64c7a84439edec427a4ee9f5) Importer(815301076,1909f56bfc062723c751e8b465ee728b)
Start importing Assets/Sprites/UI/Light Brown Book/Inventory Book/Book Open/15.png using Guid(46d2d99c64c7a84439edec427a4ee9f5) Importer(815301076,1909f56bfc062723c751e8b465ee728b)  -> (artifact id: '8075c3753a42b4ec3b2c8468756852c8') in 0.039076 seconds 
========================================================================
Received Import Request.
  Time since last request: 1.975956 seconds.
  path: Assets/Sprites/UI/Light Brown Book/Inventory Book/Book Open/16.png
  artifactKey: Guid(59b30d38d9830af428ec3d16b27825d9) Importer(815301076,1909f56bfc062723c751e8b465ee728b)
Start importing Assets/Sprites/UI/Light Brown Book/Inventory Book/Book Open/16.png using Guid(59b30d38d9830af428ec3d16b27825d9) Importer(815301076,1909f56bfc062723c751e8b465ee728b)  -> (artifact id: '29437248fdca773ff3650387300fca8b') in 0.035595 seconds 
========================================================================
Received Import Request.
  Time since last request: 1.886358 seconds.
  path: Assets/Sprites/UI/Light Brown Book/Inventory Book/Book Open/17.png
  artifactKey: Guid(67b07a6db46d0c94f82aee07c9d948c6) Importer(815301076,1909f56bfc062723c751e8b465ee728b)
Start importing Assets/Sprites/UI/Light Brown Book/Inventory Book/Book Open/17.png using Guid(67b07a6db46d0c94f82aee07c9d948c6) Importer(815301076,1909f56bfc062723c751e8b465ee728b)  -> (artifact id: '2ce64a50215f2ff43b1a18b3eefa1c41') in 0.037323 seconds 
========================================================================
Received Import Request.
  Time since last request: 2.424062 seconds.
  path: Assets/Sprites/UI/Light Brown Book/Inventory Book/Book Open/18.png
  artifactKey: Guid(baa3c3baffdb8024f80fe864f4921e51) Importer(815301076,1909f56bfc062723c751e8b465ee728b)
Start importing Assets/Sprites/UI/Light Brown Book/Inventory Book/Book Open/18.png using Guid(baa3c3baffdb8024f80fe864f4921e51) Importer(815301076,1909f56bfc062723c751e8b465ee728b)  -> (artifact id: 'f2b42b28cb77a9f74c7d2adafa2a9565') in 0.035472 seconds 
========================================================================
Received Import Request.
  Time since last request: 4.292757 seconds.
  path: Assets/Sprites/UI/Light Brown Book/Inventory Book/Book Open/19.png
  artifactKey: Guid(31ae3cc7829612045bbbcf829842ded3) Importer(815301076,1909f56bfc062723c751e8b465ee728b)
Start importing Assets/Sprites/UI/Light Brown Book/Inventory Book/Book Open/19.png using Guid(31ae3cc7829612045bbbcf829842ded3) Importer(815301076,1909f56bfc062723c751e8b465ee728b)  -> (artifact id: '8cb8af3877bc78d40ab775e3c7354df1') in 0.038874 seconds 
========================================================================
Received Import Request.
  Time since last request: 2.674046 seconds.
  path: Assets/Sprites/UI/Light Brown Book/Inventory Book/Book Open/20.png
  artifactKey: Guid(89019381acb507f46b8cba77551aaeac) Importer(815301076,1909f56bfc062723c751e8b465ee728b)
Start importing Assets/Sprites/UI/Light Brown Book/Inventory Book/Book Open/20.png using Guid(89019381acb507f46b8cba77551aaeac) Importer(815301076,1909f56bfc062723c751e8b465ee728b)  -> (artifact id: 'fc9fc7820a1fe43692f486550166a535') in 0.037455 seconds 
========================================================================
Received Import Request.
  Time since last request: 1.669473 seconds.
  path: Assets/Sprites/UI/Light Brown Book/Inventory Book/Book Open/21.png
  artifactKey: Guid(355f3a724dc41ce47adcbcc72b09dfa4) Importer(815301076,1909f56bfc062723c751e8b465ee728b)
Start importing Assets/Sprites/UI/Light Brown Book/Inventory Book/Book Open/21.png using Guid(355f3a724dc41ce47adcbcc72b09dfa4) Importer(815301076,1909f56bfc062723c751e8b465ee728b)  -> (artifact id: '735c4e95bed202bdb61df7ae68478ef6') in 0.032828 seconds 
========================================================================
Received Import Request.
  Time since last request: 1.359502 seconds.
  path: Assets/Sprites/UI/Light Brown Book/Inventory Book/Book Open/22.png
  artifactKey: Guid(c2612389f692244478e11e9b2c553ed1) Importer(815301076,1909f56bfc062723c751e8b465ee728b)
Start importing Assets/Sprites/UI/Light Brown Book/Inventory Book/Book Open/22.png using Guid(c2612389f692244478e11e9b2c553ed1) Importer(815301076,1909f56bfc062723c751e8b465ee728b)  -> (artifact id: '90b33f0b9d829d0f8db73ef56e77a48c') in 0.036092 seconds 
========================================================================
Received Import Request.
  Time since last request: 17.929285 seconds.
  path: Assets/Sprites/UI/Light Brown Book/Inventory Book/Book Close/22.png
  artifactKey: Guid(c875885dbb5139542a1fa8ba0d0a2d11) Importer(815301076,1909f56bfc062723c751e8b465ee728b)
Start importing Assets/Sprites/UI/Light Brown Book/Inventory Book/Book Close/22.png using Guid(c875885dbb5139542a1fa8ba0d0a2d11) Importer(815301076,1909f56bfc062723c751e8b465ee728b)  -> (artifact id: '24da21279d6f3bceb91cca9d669acdd1') in 0.037106 seconds 
========================================================================
Received Import Request.
  Time since last request: 1.292921 seconds.
  path: Assets/Sprites/UI/Light Brown Book/Inventory Book/Book Close/21.png
  artifactKey: Guid(16ff21775e29fb44aa0ebdf6934b4477) Importer(815301076,1909f56bfc062723c751e8b465ee728b)
Start importing Assets/Sprites/UI/Light Brown Book/Inventory Book/Book Close/21.png using Guid(16ff21775e29fb44aa0ebdf6934b4477) Importer(815301076,1909f56bfc062723c751e8b465ee728b)  -> (artifact id: 'd5370945d7ef7f609048800b263590bd') in 0.035164 seconds 
========================================================================
Received Import Request.
  Time since last request: 1.412714 seconds.
  path: Assets/Sprites/UI/Light Brown Book/Inventory Book/Book Close/20.png
  artifactKey: Guid(d7786ad2b298daf47bd5214a26c5c104) Importer(815301076,1909f56bfc062723c751e8b465ee728b)
Start importing Assets/Sprites/UI/Light Brown Book/Inventory Book/Book Close/20.png using Guid(d7786ad2b298daf47bd5214a26c5c104) Importer(815301076,1909f56bfc062723c751e8b465ee728b)  -> (artifact id: '80fedddc84cc91b34552fc660098bb49') in 0.038721 seconds 
========================================================================
Received Import Request.
  Time since last request: 1.489644 seconds.
  path: Assets/Sprites/UI/Light Brown Book/Inventory Book/Book Close/19.png
  artifactKey: Guid(ee0e56438cfe3574bb53937e8fc79882) Importer(815301076,1909f56bfc062723c751e8b465ee728b)
Start importing Assets/Sprites/UI/Light Brown Book/Inventory Book/Book Close/19.png using Guid(ee0e56438cfe3574bb53937e8fc79882) Importer(815301076,1909f56bfc062723c751e8b465ee728b)  -> (artifact id: '1afed92127f4bdb76e6987432f08c2eb') in 0.034837 seconds 
========================================================================
Received Import Request.
  Time since last request: 1.511924 seconds.
  path: Assets/Sprites/UI/Light Brown Book/Inventory Book/Book Close/18.png
  artifactKey: Guid(15a27fcbfb9340c40994efece31582c2) Importer(815301076,1909f56bfc062723c751e8b465ee728b)
Start importing Assets/Sprites/UI/Light Brown Book/Inventory Book/Book Close/18.png using Guid(15a27fcbfb9340c40994efece31582c2) Importer(815301076,1909f56bfc062723c751e8b465ee728b)  -> (artifact id: '6b72d77460aeec4cfa801edd34538eed') in 0.037155 seconds 
========================================================================
Received Import Request.
  Time since last request: 412.034899 seconds.
  path: Assets/Sprites/UI/Light Brown Book/Inventory Book/Book Side Tabs/22.png
  artifactKey: Guid(22b8021e1f994014c8a7a5a47f843fe3) Importer(815301076,1909f56bfc062723c751e8b465ee728b)
Start importing Assets/Sprites/UI/Light Brown Book/Inventory Book/Book Side Tabs/22.png using Guid(22b8021e1f994014c8a7a5a47f843fe3) Importer(815301076,1909f56bfc062723c751e8b465ee728b)  -> (artifact id: '96a79663103818b40512efb8b07865c8') in 0.037588 seconds 
========================================================================
Received Import Request.
  Time since last request: 8.405607 seconds.
  path: Assets/Sprites/UI/Light Brown Book/Inventory Book/Book Side Tabs/Idle Closed.png
  artifactKey: Guid(22b8021e1f994014c8a7a5a47f843fe3) Importer(815301076,1909f56bfc062723c751e8b465ee728b)
Start importing Assets/Sprites/UI/Light Brown Book/Inventory Book/Book Side Tabs/Idle Closed.png using Guid(22b8021e1f994014c8a7a5a47f843fe3) Importer(815301076,1909f56bfc062723c751e8b465ee728b)  -> (artifact id: '8298cb19fa9d6461a0159da100f388bc') in 0.040667 seconds 
========================================================================
Received Import Request.
  Time since last request: 3.897664 seconds.
  path: Assets/Sprites/UI/Light Brown Book/Inventory Book/Book Side Tabs/Idle Open.png
  artifactKey: Guid(443f8ab18b4cd9c4b98505027f890269) Importer(815301076,1909f56bfc062723c751e8b465ee728b)
Start importing Assets/Sprites/UI/Light Brown Book/Inventory Book/Book Side Tabs/Idle Open.png using Guid(443f8ab18b4cd9c4b98505027f890269) Importer(815301076,1909f56bfc062723c751e8b465ee728b)  -> (artifact id: '7cd87e6c350120f0892434b0767c7373') in 0.038137 seconds 
========================================================================
Received Import Request.
  Time since last request: 17.113838 seconds.
  path: Assets/Sprites/UI/Light Brown Book/Inventory Book/Book Side Tabs/Book Idle Open.anim
  artifactKey: Guid(eb5645c7fcca29e409fc8d0abaf37dc0) Importer(815301076,1909f56bfc062723c751e8b465ee728b)
Start importing Assets/Sprites/UI/Light Brown Book/Inventory Book/Book Side Tabs/Book Idle Open.anim using Guid(eb5645c7fcca29e409fc8d0abaf37dc0) Importer(815301076,1909f56bfc062723c751e8b465ee728b)  -> (artifact id: 'fbdf8404e1780228bb2cb584aad6716d') in 0.009550 seconds 
========================================================================
Received Import Request.
  Time since last request: 2.298848 seconds.
  path: Assets/Sprites/UI/Light Brown Book/Inventory Book/Book Side Tabs/Book Idle Closed.anim
  artifactKey: Guid(370b0ef4c23c5144d832f8ecfba95e96) Importer(815301076,1909f56bfc062723c751e8b465ee728b)
Start importing Assets/Sprites/UI/Light Brown Book/Inventory Book/Book Side Tabs/Book Idle Closed.anim using Guid(370b0ef4c23c5144d832f8ecfba95e96) Importer(815301076,1909f56bfc062723c751e8b465ee728b)  -> (artifact id: 'ab23f35b9c130a7fa19e5855114b71ed') in 0.006050 seconds 
========================================================================
Received Import Request.
  Time since last request: 8.658080 seconds.
  path: Assets/Sprites/UI/Light Brown Book/Inventory Book/Book Close
  artifactKey: Guid(3993f4445bc562a4fbf96a95c6476036) Importer(815301076,1909f56bfc062723c751e8b465ee728b)
Start importing Assets/Sprites/UI/Light Brown Book/Inventory Book/Book Close using Guid(3993f4445bc562a4fbf96a95c6476036) Importer(815301076,1909f56bfc062723c751e8b465ee728b)  -> (artifact id: 'a1ef5d7f3710a2ce058a47560aeb8745') in 0.005431 seconds 
========================================================================
Received Import Request.
  Time since last request: 1.575410 seconds.
  path: Assets/Sprites/UI/Light Brown Book/Inventory Book/Book Close/Book Close.anim
  artifactKey: Guid(21141f842f79e3044aa810079864af9b) Importer(815301076,1909f56bfc062723c751e8b465ee728b)
Start importing Assets/Sprites/UI/Light Brown Book/Inventory Book/Book Close/Book Close.anim using Guid(21141f842f79e3044aa810079864af9b) Importer(815301076,1909f56bfc062723c751e8b465ee728b)  -> (artifact id: '8b26b8a43424924cab6c354b63035e51') in 0.002553 seconds 
========================================================================
Received Import Request.
  Time since last request: 4.286554 seconds.
  path: Assets/Sprites/UI/Light Brown Book/Inventory Book/Book Content Appear/Book Content Appear.anim
  artifactKey: Guid(9579d133a26428245b80cf85c5d9ee65) Importer(815301076,1909f56bfc062723c751e8b465ee728b)
Start importing Assets/Sprites/UI/Light Brown Book/Inventory Book/Book Content Appear/Book Content Appear.anim using Guid(9579d133a26428245b80cf85c5d9ee65) Importer(815301076,1909f56bfc062723c751e8b465ee728b)  -> (artifact id: '03a27c88fe5d3a2412807053b13e87bb') in 0.006008 seconds 
========================================================================
Received Import Request.
  Time since last request: 2.971732 seconds.
  path: Assets/Sprites/UI/Light Brown Book/Inventory Book/Book Open
  artifactKey: Guid(bb31de0182090234fad9c57612f46699) Importer(815301076,1909f56bfc062723c751e8b465ee728b)
Start importing Assets/Sprites/UI/Light Brown Book/Inventory Book/Book Open using Guid(bb31de0182090234fad9c57612f46699) Importer(815301076,1909f56bfc062723c751e8b465ee728b)  -> (artifact id: '8f04da7b17f86ab2ac48a6dee5da6dae') in 0.005504 seconds 
========================================================================
Received Import Request.
  Time since last request: 1.291785 seconds.
  path: Assets/Sprites/UI/Light Brown Book/Inventory Book/Book Open/Book Open.anim
  artifactKey: Guid(cad8cf0f5691ec6468cdbf7e668dc41d) Importer(815301076,1909f56bfc062723c751e8b465ee728b)
Start importing Assets/Sprites/UI/Light Brown Book/Inventory Book/Book Open/Book Open.anim using Guid(cad8cf0f5691ec6468cdbf7e668dc41d) Importer(815301076,1909f56bfc062723c751e8b465ee728b)  -> (artifact id: '40a338a31ed39ed5d578f1ae2558b698') in 0.002875 seconds 
========================================================================
Received Import Request.
  Time since last request: 7.525298 seconds.
  path: Assets/Sprites/UI/Light Brown Book/Inventory Book/Page Flip Left
  artifactKey: Guid(009ce5f80a7b0b24387845e6a86c3fd1) Importer(815301076,1909f56bfc062723c751e8b465ee728b)
Start importing Assets/Sprites/UI/Light Brown Book/Inventory Book/Page Flip Left using Guid(009ce5f80a7b0b24387845e6a86c3fd1) Importer(815301076,1909f56bfc062723c751e8b465ee728b)  -> (artifact id: 'e654162f492d85145e389ea176a5b5f7') in 0.005097 seconds 
========================================================================
Received Import Request.
  Time since last request: 0.926231 seconds.
  path: Assets/Sprites/UI/Light Brown Book/Inventory Book/Page Flip Left/Page Flip Left.anim
  artifactKey: Guid(6c2ba64457eea6648888a0f6e48b5ac6) Importer(815301076,1909f56bfc062723c751e8b465ee728b)
Start importing Assets/Sprites/UI/Light Brown Book/Inventory Book/Page Flip Left/Page Flip Left.anim using Guid(6c2ba64457eea6648888a0f6e48b5ac6) Importer(815301076,1909f56bfc062723c751e8b465ee728b)  -> (artifact id: '6bf46dcb94398b2ed8e0e61988dd8426') in 0.002753 seconds 
========================================================================
Received Import Request.
  Time since last request: 3.018649 seconds.
  path: Assets/Sprites/UI/Light Brown Book/Inventory Book/Page Flip Right
  artifactKey: Guid(7f55b14c34336b445b9cbd0e2e41fbdd) Importer(815301076,1909f56bfc062723c751e8b465ee728b)
Start importing Assets/Sprites/UI/Light Brown Book/Inventory Book/Page Flip Right using Guid(7f55b14c34336b445b9cbd0e2e41fbdd) Importer(815301076,1909f56bfc062723c751e8b465ee728b)  -> (artifact id: 'a9fbde48476b4386c0f449af450245ad') in 0.005516 seconds 
========================================================================
Received Import Request.
  Time since last request: 0.829405 seconds.
  path: Assets/Sprites/UI/Light Brown Book/Inventory Book/Page Flip Right/Page Flip Right.anim
  artifactKey: Guid(9a8ecc993adf39647bebdf8f19055d94) Importer(815301076,1909f56bfc062723c751e8b465ee728b)
Start importing Assets/Sprites/UI/Light Brown Book/Inventory Book/Page Flip Right/Page Flip Right.anim using Guid(9a8ecc993adf39647bebdf8f19055d94) Importer(815301076,1909f56bfc062723c751e8b465ee728b)  -> (artifact id: '0719ffc7cee3519fa53f50cf084dfe5e') in 0.002537 seconds 
========================================================================
Received Import Request.
  Time since last request: 57.044623 seconds.
  path: Assets/Sprites/UI/Light Brown Book/Inventory Book/Light Brown Book.controller
  artifactKey: Guid(a565278b4f6d1124d84b2e2361d5ff66) Importer(815301076,1909f56bfc062723c751e8b465ee728b)
Start importing Assets/Sprites/UI/Light Brown Book/Inventory Book/Light Brown Book.controller using Guid(a565278b4f6d1124d84b2e2361d5ff66) Importer(815301076,1909f56bfc062723c751e8b465ee728b)  -> (artifact id: '501ce5b3f95120f33adab72ad401c5d8') in 0.006266 seconds 
========================================================================
Received Import Request.
  Time since last request: 83.524254 seconds.
  path: Assets/Sprites/UI/Light Brown Book/Inventory Book/Book Close/Close Book.anim
  artifactKey: Guid(21141f842f79e3044aa810079864af9b) Importer(815301076,1909f56bfc062723c751e8b465ee728b)
Start importing Assets/Sprites/UI/Light Brown Book/Inventory Book/Book Close/Close Book.anim using Guid(21141f842f79e3044aa810079864af9b) Importer(815301076,1909f56bfc062723c751e8b465ee728b)  -> (artifact id: '3720329bda89ff45a81f84a1b04d8aab') in 0.005758 seconds 
========================================================================
Received Import Request.
  Time since last request: 6.107838 seconds.
  path: Assets/Sprites/UI/Light Brown Book/Inventory Book/Close Book
  artifactKey: Guid(3993f4445bc562a4fbf96a95c6476036) Importer(815301076,1909f56bfc062723c751e8b465ee728b)
Start importing Assets/Sprites/UI/Light Brown Book/Inventory Book/Close Book using Guid(3993f4445bc562a4fbf96a95c6476036) Importer(815301076,1909f56bfc062723c751e8b465ee728b)  -> (artifact id: 'bcae10487fae3b7d84f151dae79a0fcd') in 0.003319 seconds 
========================================================================
Received Import Request.
  Time since last request: 6.097092 seconds.
  path: Assets/Sprites/UI/Light Brown Book/Inventory Book/Open Book
  artifactKey: Guid(bb31de0182090234fad9c57612f46699) Importer(815301076,1909f56bfc062723c751e8b465ee728b)
Start importing Assets/Sprites/UI/Light Brown Book/Inventory Book/Open Book using Guid(bb31de0182090234fad9c57612f46699) Importer(815301076,1909f56bfc062723c751e8b465ee728b)  -> (artifact id: 'cc9bc56f754b641add845682fb0cb13e') in 0.006019 seconds 
========================================================================
Received Import Request.
  Time since last request: 4.991657 seconds.
  path: Assets/Sprites/UI/Light Brown Book/Inventory Book/Open Book/Open Book.anim
  artifactKey: Guid(cad8cf0f5691ec6468cdbf7e668dc41d) Importer(815301076,1909f56bfc062723c751e8b465ee728b)
Start importing Assets/Sprites/UI/Light Brown Book/Inventory Book/Open Book/Open Book.anim using Guid(cad8cf0f5691ec6468cdbf7e668dc41d) Importer(815301076,1909f56bfc062723c751e8b465ee728b)  -> (artifact id: '61e72e18c49003f576017e91f1f9dfd2') in 0.002697 seconds 
========================================================================
Received Import Request.
  Time since last request: 95.877704 seconds.
  path: Assets/Sprites/UI/Light Brown Book/Content
  artifactKey: Guid(8bea875563d0d3d4f84b7146d7160ac3) Importer(815301076,1909f56bfc062723c751e8b465ee728b)
Start importing Assets/Sprites/UI/Light Brown Book/Content using Guid(8bea875563d0d3d4f84b7146d7160ac3) Importer(815301076,1909f56bfc062723c751e8b465ee728b)  -> (artifact id: 'ac9d7cf59f2535f0f54b4ac561ac22f4') in 0.006154 seconds 
========================================================================
Received Import Request.
  Time since last request: 3.066809 seconds.
  path: Assets/Sprites/UI/Light Brown Book/Content/13 Stamp
  artifactKey: Guid(4c85d9f6705af8241b460c8df1b8e939) Importer(815301076,1909f56bfc062723c751e8b465ee728b)
Start importing Assets/Sprites/UI/Light Brown Book/Content/13 Stamp using Guid(4c85d9f6705af8241b460c8df1b8e939) Importer(815301076,1909f56bfc062723c751e8b465ee728b)  -> (artifact id: '2feee7f189620c890eb219d59e1b3239') in 0.005660 seconds 
========================================================================
Received Import Request.
  Time since last request: 0.872988 seconds.
  path: Assets/Sprites/UI/Light Brown Book/Content/13 Stamp/Stamp Mark
  artifactKey: Guid(a874fceeb102f3c4cbc49923aba63ca8) Importer(815301076,1909f56bfc062723c751e8b465ee728b)
Start importing Assets/Sprites/UI/Light Brown Book/Content/13 Stamp/Stamp Mark using Guid(a874fceeb102f3c4cbc49923aba63ca8) Importer(815301076,1909f56bfc062723c751e8b465ee728b)  -> (artifact id: '0eef92f9ff19d18817f05d9391d9aeff') in 0.005018 seconds 
========================================================================
Received Import Request.
  Time since last request: 0.088112 seconds.
  path: Assets/Sprites/UI/Light Brown Book/Content/13 Stamp/Stamp Mark/1.png
  artifactKey: Guid(545832f578b481344865af6c500238b5) Importer(815301076,1909f56bfc062723c751e8b465ee728b)
Start importing Assets/Sprites/UI/Light Brown Book/Content/13 Stamp/Stamp Mark/1.png using Guid(545832f578b481344865af6c500238b5) Importer(815301076,1909f56bfc062723c751e8b465ee728b)  -> (artifact id: '4ea79854a31402778f023e04c300c954') in 0.014889 seconds 
========================================================================
Received Import Request.
  Time since last request: 2.266712 seconds.
  path: Assets/Sprites/UI/Light Brown Book/Content/13 Stamp/Stamp
  artifactKey: Guid(ec6c6570b035ee44483d3c8844cf31b7) Importer(815301076,1909f56bfc062723c751e8b465ee728b)
Start importing Assets/Sprites/UI/Light Brown Book/Content/13 Stamp/Stamp using Guid(ec6c6570b035ee44483d3c8844cf31b7) Importer(815301076,1909f56bfc062723c751e8b465ee728b)  -> (artifact id: '8b8be531c3071d7bbf9cb87d20fc08bc') in 0.005341 seconds 
========================================================================
Received Import Request.
  Time since last request: 0.801218 seconds.
  path: Assets/Sprites/UI/Light Brown Book/Content/13 Stamp/Stamp/idle
  artifactKey: Guid(2a389b3b17fb2804a8396a9dfb5444dc) Importer(815301076,1909f56bfc062723c751e8b465ee728b)
Start importing Assets/Sprites/UI/Light Brown Book/Content/13 Stamp/Stamp/idle using Guid(2a389b3b17fb2804a8396a9dfb5444dc) Importer(815301076,1909f56bfc062723c751e8b465ee728b)  -> (artifact id: '50d2721cb44a4b9b03ec44728b693f68') in 0.005533 seconds 
========================================================================
Received Import Request.
  Time since last request: 0.065678 seconds.
  path: Assets/Sprites/UI/Light Brown Book/Content/13 Stamp/Stamp/idle/1.png
  artifactKey: Guid(777fab9b63b898a4c92b295d6d32f809) Importer(815301076,1909f56bfc062723c751e8b465ee728b)
Start importing Assets/Sprites/UI/Light Brown Book/Content/13 Stamp/Stamp/idle/1.png using Guid(777fab9b63b898a4c92b295d6d32f809) Importer(815301076,1909f56bfc062723c751e8b465ee728b)  -> (artifact id: '076745e96846682fdd9502f749fb5ac3') in 0.019314 seconds 
========================================================================
Received Import Request.
  Time since last request: 5.128719 seconds.
  path: Assets/Sprites/UI/Light Brown Book/Content/6 High lighter
  artifactKey: Guid(57b809b4f1079d84c8822b9ae51e59c4) Importer(815301076,1909f56bfc062723c751e8b465ee728b)
Start importing Assets/Sprites/UI/Light Brown Book/Content/6 High lighter using Guid(57b809b4f1079d84c8822b9ae51e59c4) Importer(815301076,1909f56bfc062723c751e8b465ee728b)  -> (artifact id: '656ebcc27fec6a589376c5fd519f0b28') in 0.005735 seconds 
========================================================================
Received Import Request.
  Time since last request: 0.124241 seconds.
  path: Assets/Sprites/UI/Light Brown Book/Content/6 High lighter/1.png
  artifactKey: Guid(9de012917ea069345ba3377d8fc0964f) Importer(815301076,1909f56bfc062723c751e8b465ee728b)
Start importing Assets/Sprites/UI/Light Brown Book/Content/6 High lighter/1.png using Guid(9de012917ea069345ba3377d8fc0964f) Importer(815301076,1909f56bfc062723c751e8b465ee728b)  -> (artifact id: 'd2e56cb2cea6e8bc781b4a11ea9c627a') in 0.017965 seconds 
========================================================================
Received Import Request.
  Time since last request: 0.005250 seconds.
  path: Assets/Sprites/UI/Light Brown Book/Content/6 High lighter/5.png
  artifactKey: Guid(841010eba84eb66449602bdd7ce32821) Importer(815301076,1909f56bfc062723c751e8b465ee728b)
Start importing Assets/Sprites/UI/Light Brown Book/Content/6 High lighter/5.png using Guid(841010eba84eb66449602bdd7ce32821) Importer(815301076,1909f56bfc062723c751e8b465ee728b)  -> (artifact id: '81d5e4f580c69eb0b99f6e81703f9034') in 0.023425 seconds 
========================================================================
Received Import Request.
  Time since last request: 0.000019 seconds.
  path: Assets/Sprites/UI/Light Brown Book/Content/6 High lighter/4.png
  artifactKey: Guid(af47eaa5af107a24381b44d8b9a4caf3) Importer(815301076,1909f56bfc062723c751e8b465ee728b)
Start importing Assets/Sprites/UI/Light Brown Book/Content/6 High lighter/4.png using Guid(af47eaa5af107a24381b44d8b9a4caf3) Importer(815301076,1909f56bfc062723c751e8b465ee728b)  -> (artifact id: '2b2422dddf87c1b790871772f0102e7e') in 0.016827 seconds 
========================================================================
Received Import Request.
  Time since last request: 0.000020 seconds.
  path: Assets/Sprites/UI/Light Brown Book/Content/6 High lighter/7.png
  artifactKey: Guid(03efc620ddaeaed4f8626ecb54ebb181) Importer(815301076,1909f56bfc062723c751e8b465ee728b)
Start importing Assets/Sprites/UI/Light Brown Book/Content/6 High lighter/7.png using Guid(03efc620ddaeaed4f8626ecb54ebb181) Importer(815301076,1909f56bfc062723c751e8b465ee728b)  -> (artifact id: '571ab75f946150f2f5399c6ead43e29b') in 0.013254 seconds 
========================================================================
Received Import Request.
  Time since last request: 0.000015 seconds.
  path: Assets/Sprites/UI/Light Brown Book/Content/6 High lighter/6.png
  artifactKey: Guid(cee7c29f439fa464fa6c98d057dc0f99) Importer(815301076,1909f56bfc062723c751e8b465ee728b)
Start importing Assets/Sprites/UI/Light Brown Book/Content/6 High lighter/6.png using Guid(cee7c29f439fa464fa6c98d057dc0f99) Importer(815301076,1909f56bfc062723c751e8b465ee728b)  -> (artifact id: 'f91a9859ac6b06d9da09cdb3fccb84b6') in 0.017081 seconds 
========================================================================
Received Import Request.
  Time since last request: 0.000100 seconds.
  path: Assets/Sprites/UI/Light Brown Book/Content/6 High lighter/8.png
  artifactKey: Guid(f5e7e440395d81a40ba65bb18ce0639e) Importer(815301076,1909f56bfc062723c751e8b465ee728b)
Start importing Assets/Sprites/UI/Light Brown Book/Content/6 High lighter/8.png using Guid(f5e7e440395d81a40ba65bb18ce0639e) Importer(815301076,1909f56bfc062723c751e8b465ee728b)  -> (artifact id: '02118cdd86bc3a37eadbd9a3e9708c3d') in 0.017999 seconds 
========================================================================
Received Import Request.
  Time since last request: 0.000027 seconds.
  path: Assets/Sprites/UI/Light Brown Book/Content/6 High lighter/3.png
  artifactKey: Guid(a7b692241b924554998624b8bbf3e147) Importer(815301076,1909f56bfc062723c751e8b465ee728b)
Start importing Assets/Sprites/UI/Light Brown Book/Content/6 High lighter/3.png using Guid(a7b692241b924554998624b8bbf3e147) Importer(815301076,1909f56bfc062723c751e8b465ee728b)  -> (artifact id: '1bff4479f2194261a2d37f2658fe7474') in 0.016301 seconds 
========================================================================
Received Import Request.
  Time since last request: 10.347401 seconds.
  path: Assets/Sprites/UI/Light Brown Book/Content/11 Treasure Chest/2.png
  artifactKey: Guid(4ecfdd2df2a8a2346bd145ea628e497e) Importer(815301076,1909f56bfc062723c751e8b465ee728b)
Start importing Assets/Sprites/UI/Light Brown Book/Content/11 Treasure Chest/2.png using Guid(4ecfdd2df2a8a2346bd145ea628e497e) Importer(815301076,1909f56bfc062723c751e8b465ee728b)  -> (artifact id: 'b99bf9f75583f1e36167a8a69df121af') in 0.017192 seconds 
========================================================================
Received Import Request.
  Time since last request: 0.000020 seconds.
  path: Assets/Sprites/UI/Light Brown Book/Content/11 Treasure Chest/5.png
  artifactKey: Guid(3a1516d3e0c8cca4d99894d42d07054a) Importer(815301076,1909f56bfc062723c751e8b465ee728b)
Start importing Assets/Sprites/UI/Light Brown Book/Content/11 Treasure Chest/5.png using Guid(3a1516d3e0c8cca4d99894d42d07054a) Importer(815301076,1909f56bfc062723c751e8b465ee728b)  -> (artifact id: '0bca1d3d6cb51e689a624cc4de35221d') in 0.023868 seconds 
========================================================================
Received Import Request.
  Time since last request: 3.076262 seconds.
  path: Assets/Sprites/UI/Light Brown Book/Content/1 Items/2.png
  artifactKey: Guid(9b3abc27c583af747ba022cb3ad61e4d) Importer(815301076,1909f56bfc062723c751e8b465ee728b)
Start importing Assets/Sprites/UI/Light Brown Book/Content/1 Items/2.png using Guid(9b3abc27c583af747ba022cb3ad61e4d) Importer(815301076,1909f56bfc062723c751e8b465ee728b)  -> (artifact id: 'f5353af853968a9050d2e15ec6101cd0') in 0.014877 seconds 
========================================================================
Received Import Request.
  Time since last request: 0.000018 seconds.
  path: Assets/Sprites/UI/Light Brown Book/Content/1 Items/11.png
  artifactKey: Guid(4971ab00fdfef6a4abfc716dce894887) Importer(815301076,1909f56bfc062723c751e8b465ee728b)
Start importing Assets/Sprites/UI/Light Brown Book/Content/1 Items/11.png using Guid(4971ab00fdfef6a4abfc716dce894887) Importer(815301076,1909f56bfc062723c751e8b465ee728b)  -> (artifact id: 'f07ce0be356ed74aea800d6298d57326') in 0.031157 seconds 
========================================================================
Received Import Request.
  Time since last request: 0.000018 seconds.
  path: Assets/Sprites/UI/Light Brown Book/Content/1 Items/14.png
  artifactKey: Guid(29d2d0a008132f041943214dc3a8557e) Importer(815301076,1909f56bfc062723c751e8b465ee728b)
Start importing Assets/Sprites/UI/Light Brown Book/Content/1 Items/14.png using Guid(29d2d0a008132f041943214dc3a8557e) Importer(815301076,1909f56bfc062723c751e8b465ee728b)  -> (artifact id: 'b0ca6bbd9c2b0ae12c6b6122bc70321e') in 0.018207 seconds 
========================================================================
Received Import Request.
  Time since last request: 0.000018 seconds.
  path: Assets/Sprites/UI/Light Brown Book/Content/1 Items/13.png
  artifactKey: Guid(d4796d2985f0d884a8bc142c5d88983d) Importer(815301076,1909f56bfc062723c751e8b465ee728b)
Start importing Assets/Sprites/UI/Light Brown Book/Content/1 Items/13.png using Guid(d4796d2985f0d884a8bc142c5d88983d) Importer(815301076,1909f56bfc062723c751e8b465ee728b)  -> (artifact id: '6a4e0618fef3061b5d39813708d18e81') in 0.021996 seconds 
========================================================================
Received Import Request.
  Time since last request: 0.000020 seconds.
  path: Assets/Sprites/UI/Light Brown Book/Content/1 Items/21.png
  artifactKey: Guid(33db303be69860644be2fbf5a5f35a14) Importer(815301076,1909f56bfc062723c751e8b465ee728b)
Start importing Assets/Sprites/UI/Light Brown Book/Content/1 Items/21.png using Guid(33db303be69860644be2fbf5a5f35a14) Importer(815301076,1909f56bfc062723c751e8b465ee728b)  -> (artifact id: 'ffa4d4c530d4c8b3c23413ea40153ba6') in 0.022495 seconds 
========================================================================
Received Import Request.
  Time since last request: 0.000019 seconds.
  path: Assets/Sprites/UI/Light Brown Book/Content/1 Items/17.png
  artifactKey: Guid(86ca43b539abf4c479695490aa2e2152) Importer(815301076,1909f56bfc062723c751e8b465ee728b)
Start importing Assets/Sprites/UI/Light Brown Book/Content/1 Items/17.png using Guid(86ca43b539abf4c479695490aa2e2152) Importer(815301076,1909f56bfc062723c751e8b465ee728b)  -> (artifact id: '0c5c946cdecc0d424b1a008b3d5dd958') in 0.030720 seconds 
========================================================================
Received Import Request.
  Time since last request: 0.000026 seconds.
  path: Assets/Sprites/UI/Light Brown Book/Content/1 Items/6.png
  artifactKey: Guid(8629a9f9ad694d747b51d662e965e487) Importer(815301076,1909f56bfc062723c751e8b465ee728b)
Start importing Assets/Sprites/UI/Light Brown Book/Content/1 Items/6.png using Guid(8629a9f9ad694d747b51d662e965e487) Importer(815301076,1909f56bfc062723c751e8b465ee728b)  -> (artifact id: 'ac0e52f611950b5c8270377c0eac3dab') in 0.015816 seconds 
========================================================================
Received Import Request.
  Time since last request: 14.997108 seconds.
  path: Assets/Sprites/UI/Light Brown Book/Content/13 Stamp/Stamp/Stamped/2.png
  artifactKey: Guid(7589556292acfa441bc69738975de097) Importer(815301076,1909f56bfc062723c751e8b465ee728b)
Start importing Assets/Sprites/UI/Light Brown Book/Content/13 Stamp/Stamp/Stamped/2.png using Guid(7589556292acfa441bc69738975de097) Importer(815301076,1909f56bfc062723c751e8b465ee728b)  -> (artifact id: 'df1f0ce933e2b2b22e430fe2c35c8292') in 0.019096 seconds 
========================================================================
Received Import Request.
  Time since last request: 0.000021 seconds.
  path: Assets/Sprites/UI/Light Brown Book/Content/13 Stamp/Stamp/Stamped/8.png
  artifactKey: Guid(fd1b3c3a4ce4a5d40873189aa4199c3a) Importer(815301076,1909f56bfc062723c751e8b465ee728b)
Start importing Assets/Sprites/UI/Light Brown Book/Content/13 Stamp/Stamp/Stamped/8.png using Guid(fd1b3c3a4ce4a5d40873189aa4199c3a) Importer(815301076,1909f56bfc062723c751e8b465ee728b)  -> (artifact id: '002f928d3e2d0923d28f36fb4154c330') in 0.017787 seconds 
========================================================================
Received Import Request.
  Time since last request: 0.000017 seconds.
  path: Assets/Sprites/UI/Light Brown Book/Content/13 Stamp/Stamp/Stamped/10.png
  artifactKey: Guid(0d89647f5999a0d44be18702ce6ea8a6) Importer(815301076,1909f56bfc062723c751e8b465ee728b)
Start importing Assets/Sprites/UI/Light Brown Book/Content/13 Stamp/Stamp/Stamped/10.png using Guid(0d89647f5999a0d44be18702ce6ea8a6) Importer(815301076,1909f56bfc062723c751e8b465ee728b)  -> (artifact id: '5a80ec490c9db907de2f01684beb6280') in 0.019387 seconds 
========================================================================
Received Import Request.
  Time since last request: 0.000015 seconds.
  path: Assets/Sprites/UI/Light Brown Book/Content/13 Stamp/Stamp/Stamped/20.png
  artifactKey: Guid(161725ad3df020346866bd678487ce17) Importer(815301076,1909f56bfc062723c751e8b465ee728b)
Start importing Assets/Sprites/UI/Light Brown Book/Content/13 Stamp/Stamp/Stamped/20.png using Guid(161725ad3df020346866bd678487ce17) Importer(815301076,1909f56bfc062723c751e8b465ee728b)  -> (artifact id: '12efd068d5cc04d084978199cdf2b50b') in 0.020181 seconds 
========================================================================
Received Import Request.
  Time since last request: 0.000018 seconds.
  path: Assets/Sprites/UI/Light Brown Book/Content/13 Stamp/Stamp/Stamped/18.png
  artifactKey: Guid(9b887d18026be814ea684dd26e6602b1) Importer(815301076,1909f56bfc062723c751e8b465ee728b)
Start importing Assets/Sprites/UI/Light Brown Book/Content/13 Stamp/Stamp/Stamped/18.png using Guid(9b887d18026be814ea684dd26e6602b1) Importer(815301076,1909f56bfc062723c751e8b465ee728b)  -> (artifact id: '0c3a1d91b931bae6991934f875da2c1f') in 0.017412 seconds 
Editor requested this worker to shutdown with reason: Scaling down because of idle timeout
AssetImportWorker is now disconnected from the server
Process exiting
Exiting without the bug reporter. Application will terminate with return code 0